Log file open, 08/21/18 17:51:40
LogWindows: Failed to load 'aqProf.dll' (GetLastError=126)
LogWindows: File 'aqProf.dll' does not exist
LogWindows: Failed to load 'VtuneApi.dll' (GetLastError=126)
LogWindows: File 'VtuneApi.dll' does not exist
LogWindows: Failed to load 'VtuneApi32e.dll' (GetLastError=126)
LogWindows: File 'VtuneApi32e.dll' does not exist
LogInit: Display: Running engine for game: ThirdPerson
LogPlatformFile: Not using cached read wrapper
LogInit: Display: RandInit(1000440521) SRandInit(1000440521).
LogInit: Read version file with build ID '3944462'
LogInit: Overriding engine version to CL 4033788, compatible CL 3944462
LogInit: Registered custom module enumerator with build ID '3944462'
LogTaskGraph: Started task graph with 5 named threads and 23 total threads with 3 sets of task threads.
LogStats: Stats thread started at 0.295998
LogD3D11RHI: Aftermath initialized
LogICUInternationalization: Display: ICU TimeZone Detection - Raw Offset: +8:00, Platform Override: ''
LogModuleManager: Display: Found up-to-date module file ../../../Engine/Plugins/2D/Paper2D/Binaries/Win64/UE4Editor-Paper2D.dll (API version 3944462).
LogModuleManager: Display: Found up-to-date module file ../../../Engine/Plugins/2D/Paper2D/Binaries/Win64/UE4Editor-Paper2DEditor.dll (API version 3944462).
LogModuleManager: Display: Found up-to-date module file ../../../Engine/Plugins/2D/Paper2D/Binaries/Win64/UE4Editor-PaperSpriteSheetImporter.dll (API version 3944462).
LogModuleManager: Display: Found up-to-date module file ../../../Engine/Plugins/2D/Paper2D/Binaries/Win64/UE4Editor-PaperTiledImporter.dll (API version 3944462).
LogModuleManager: Display: Found up-to-date module file ../../../Engine/Plugins/2D/Paper2D/Binaries/Win64/UE4Editor-SmartSnapping.dll (API version 3944462).
LogModuleManager: Display: Found up-to-date module file ../../../Engine/Plugins/Blendables/LightPropagationVolume/Binaries/Win64/UE4Editor-LightPropagationVolumeRuntime.dll (API version 3944462).
LogModuleManager: Display: Found up-to-date module file ../../../Engine/Plugins/Blendables/LightPropagationVolume/Binaries/Win64/UE4Editor-LightPropagationVolumeEditor.dll (API version 3944462).
LogModuleManager: Display: Found up-to-date module file ../../../Engine/Plugins/Developer/CLionSourceCodeAccess/Binaries/Win64/UE4Editor-CLionSourceCodeAccess.dll (API version 3944462).
LogModuleManager: Display: Found up-to-date module file ../../../Engine/Plugins/Developer/GitSourceControl/Binaries/Win64/UE4Editor-GitSourceControl.dll (API version 3944462).
LogModuleManager: Display: Found up-to-date module file ../../../Engine/Plugins/Developer/PerforceSourceControl/Binaries/Win64/UE4Editor-PerforceSourceControl.dll (API version 3944462).
LogModuleManager: Display: Found up-to-date module file ../../../Engine/Plugins/Developer/SubversionSourceControl/Binaries/Win64/UE4Editor-SubversionSourceControl.dll (API version 3944462).
LogModuleManager: Display: Found up-to-date module file ../../../Engine/Plugins/Developer/UObjectPlugin/Binaries/Win64/UE4Editor-UObjectPlugin.dll (API version 3944462).
LogModuleManager: Display: Found up-to-date module file ../../../Engine/Plugins/Developer/VisualStudioCodeSourceCodeAccess/Binaries/Win64/UE4Editor-VisualStudioCodeSourceCodeAccess.dll (API version 3944462).
LogModuleManager: Display: Found up-to-date module file ../../../Engine/Plugins/Developer/VisualStudioSourceCodeAccess/Binaries/Win64/UE4Editor-VisualStudioSourceCodeAccess.dll (API version 3944462).
LogModuleManager: Display: Found up-to-date module file ../../../Engine/Plugins/Editor/AssetManagerEditor/Binaries/Win64/UE4Editor-AssetManagerEditor.dll (API version 3944462).
LogModuleManager: Display: Found up-to-date module file ../../../Engine/Plugins/Editor/CryptoKeys/Binaries/Win64/UE4Editor-CryptoKeys.dll (API version 3944462).
LogModuleManager: Display: Found up-to-date module file ../../../Engine/Plugins/Editor/CryptoKeys/Binaries/Win64/UE4Editor-CryptoKeysOpenSSL.dll (API version 3944462).
LogModuleManager: Display: Found up-to-date module file ../../../Engine/Plugins/Editor/DataValidation/Binaries/Win64/UE4Editor-DataValidation.dll (API version 3944462).
LogModuleManager: Display: Found up-to-date module file ../../../Engine/Plugins/Editor/FacialAnimation/Binaries/Win64/UE4Editor-FacialAnimation.dll (API version 3944462).
LogModuleManager: Display: Found up-to-date module file ../../../Engine/Plugins/Editor/FacialAnimation/Binaries/Win64/UE4Editor-FacialAnimationEditor.dll (API version 3944462).
LogModuleManager: Display: Found up-to-date module file ../../../Engine/Plugins/Editor/GameplayTagsEditor/Binaries/Win64/UE4Editor-GameplayTagsEditor.dll (API version 3944462).
LogModuleManager: Display: Found up-to-date module file ../../../Engine/Plugins/Editor/MobileLauncherProfileWizard/Binaries/Win64/UE4Editor-MobileLauncherProfileWizard.dll (API version 3944462).
LogModuleManager: Display: Found up-to-date module file ../../../Engine/Plugins/Editor/PluginBrowser/Binaries/Win64/UE4Editor-PluginBrowser.dll (API version 3944462).
LogModuleManager: Display: Found up-to-date module file ../../../Engine/Plugins/Editor/SpeedTreeImporter/Binaries/Win64/UE4Editor-SpeedTreeImporter.dll (API version 3944462).
LogModuleManager: Display: Found up-to-date module file ../../../Engine/Plugins/Enterprise/DatasmithContent/Binaries/Win64/UE4Editor-DatasmithContent.dll (API version 3944462).
LogModuleManager: Display: Found up-to-date module file ../../../Engine/Plugins/Experimental/AlembicImporter/Binaries/Win64/UE4Editor-AlembicImporter.dll (API version 3944462).
LogModuleManager: Display: Found up-to-date module file ../../../Engine/Plugins/Experimental/AlembicImporter/Binaries/Win64/UE4Editor-AlembicLibrary.dll (API version 3944462).
LogModuleManager: Display: Found up-to-date module file ../../../Engine/Plugins/Experimental/CharacterAI/Binaries/Win64/UE4Editor-CharacterAI.dll (API version 3944462).
LogModuleManager: Display: Found up-to-date module file ../../../Engine/Plugins/Experimental/HTML5Networking/Binaries/Win64/UE4Editor-HTML5Networking.dll (API version 3944462).
LogModuleManager: Display: Found up-to-date module file ../../../Engine/Plugins/Media/AndroidMedia/Binaries/Win64/UE4Editor-AndroidMediaEditor.dll (API version 3944462).
LogModuleManager: Display: Found up-to-date module file ../../../Engine/Plugins/Media/AndroidMedia/Binaries/Win64/UE4Editor-AndroidMediaFactory.dll (API version 3944462).
LogModuleManager: Display: Found up-to-date module file ../../../Engine/Plugins/Media/AvfMedia/Binaries/Win64/UE4Editor-AvfMediaEditor.dll (API version 3944462).
LogModuleManager: Display: Found up-to-date module file ../../../Engine/Plugins/Media/AvfMedia/Binaries/Win64/UE4Editor-AvfMediaFactory.dll (API version 3944462).
LogModuleManager: Display: Found up-to-date module file ../../../Engine/Plugins/Media/AvfMedia/Binaries/Win64/UE4Editor-AvfMediaFactory.dll (API version 3944462).
LogModuleManager: Display: Found up-to-date module file ../../../Engine/Plugins/Media/ImgMedia/Binaries/Win64/UE4Editor-ImgMedia.dll (API version 3944462).
LogModuleManager: Display: Found up-to-date module file ../../../Engine/Plugins/Media/ImgMedia/Binaries/Win64/UE4Editor-ImgMediaEditor.dll (API version 3944462).
LogModuleManager: Display: Found up-to-date module file ../../../Engine/Plugins/Media/ImgMedia/Binaries/Win64/UE4Editor-ImgMediaFactory.dll (API version 3944462).
LogModuleManager: Display: Found up-to-date module file ../../../Engine/Plugins/Media/ImgMedia/Binaries/Win64/UE4Editor-ImgMediaFactory.dll (API version 3944462).
LogModuleManager: Display: Found up-to-date module file ../../../Engine/Plugins/Media/ImgMedia/Binaries/Win64/UE4Editor-OpenExrWrapper.dll (API version 3944462).
LogModuleManager: Display: Found up-to-date module file ../../../Engine/Plugins/Media/LinearTimecode/Binaries/Win64/UE4Editor-LinearTimecode.dll (API version 3944462).
LogModuleManager: Display: Found up-to-date module file ../../../Engine/Plugins/Media/MediaCompositing/Binaries/Win64/UE4Editor-MediaCompositing.dll (API version 3944462).
LogModuleManager: Display: Found up-to-date module file ../../../Engine/Plugins/Media/MediaCompositing/Binaries/Win64/UE4Editor-MediaCompositingEditor.dll (API version 3944462).
LogModuleManager: Display: Found up-to-date module file ../../../Engine/Plugins/Media/MediaPlayerEditor/Binaries/Win64/UE4Editor-MediaPlayerEditor.dll (API version 3944462).
LogModuleManager: Display: Found up-to-date module file ../../../Engine/Plugins/Media/WmfMedia/Binaries/Win64/UE4Editor-WmfMedia.dll (API version 3944462).
LogModuleManager: Display: Found up-to-date module file ../../../Engine/Plugins/Media/WmfMedia/Binaries/Win64/UE4Editor-WmfMediaEditor.dll (API version 3944462).
LogModuleManager: Display: Found up-to-date module file ../../../Engine/Plugins/Media/WmfMedia/Binaries/Win64/UE4Editor-WmfMediaFactory.dll (API version 3944462).
LogModuleManager: Display: Found up-to-date module file ../../../Engine/Plugins/Media/WmfMedia/Binaries/Win64/UE4Editor-WmfMediaFactory.dll (API version 3944462).
LogModuleManager: Display: Found up-to-date module file ../../../Engine/Plugins/Messaging/TcpMessaging/Binaries/Win64/UE4Editor-TcpMessaging.dll (API version 3944462).
LogModuleManager: Display: Found up-to-date module file ../../../Engine/Plugins/Messaging/UdpMessaging/Binaries/Win64/UE4Editor-UdpMessaging.dll (API version 3944462).
LogModuleManager: Display: Found up-to-date module file ../../../Engine/Plugins/MovieScene/ActorSequence/Binaries/Win64/UE4Editor-ActorSequence.dll (API version 3944462).
LogModuleManager: Display: Found up-to-date module file ../../../Engine/Plugins/MovieScene/LevelSequenceEditor/Binaries/Win64/UE4Editor-LevelSequenceEditor.dll (API version 3944462).
LogModuleManager: Display: Found up-to-date module file ../../../Engine/Plugins/MovieScene/MatineeToLevelSequence/Binaries/Win64/UE4Editor-MatineeToLevelSequence.dll (API version 3944462).
LogModuleManager: Display: Found up-to-date module file ../../../Engine/Plugins/NetcodeUnitTest/NetcodeUnitTest/Binaries/Win64/UE4Editor-NetcodeUnitTest.dll (API version 3944462).
LogModuleManager: Display: Found up-to-date module file ../../../Engine/Plugins/NetcodeUnitTest/NUTUnrealEngine4/Binaries/Win64/UE4Editor-NUTUnrealEngine4.dll (API version 3944462).
LogModuleManager: Display: Found up-to-date module file ../../../Engine/Plugins/Online/OnlineSubsystem/Binaries/Win64/UE4Editor-OnlineSubsystem.dll (API version 3944462).
LogModuleManager: Display: Found up-to-date module file ../../../Engine/Plugins/Runtime/AndroidPermission/Binaries/Win64/UE4Editor-AndroidPermission.dll (API version 3944462).
LogModuleManager: Display: Found up-to-date module file ../../../Engine/Plugins/Online/OnlineSubsystemNull/Binaries/Win64/UE4Editor-OnlineSubsystemNull.dll (API version 3944462).
LogModuleManager: Display: Found up-to-date module file ../../../Engine/Plugins/Online/OnlineSubsystemUtils/Binaries/Win64/UE4Editor-OnlineSubsystemUtils.dll (API version 3944462).
LogModuleManager: Display: Found up-to-date module file ../../../Engine/Plugins/Online/OnlineSubsystemUtils/Binaries/Win64/UE4Editor-OnlineBlueprintSupport.dll (API version 3944462).
LogModuleManager: Display: Found up-to-date module file ../../../Engine/Plugins/Runtime/AndroidDeviceProfileSelector/Binaries/Win64/UE4Editor-AndroidDeviceProfileSelector.dll (API version 3944462).
LogModuleManager: Display: Found up-to-date module file ../../../Engine/Plugins/Runtime/AppleARKit/Binaries/Win64/UE4Editor-AppleARKit.dll (API version 3944462).
LogModuleManager: Display: Found up-to-date module file ../../../Engine/Plugins/Runtime/ProceduralMeshComponent/Binaries/Win64/UE4Editor-ProceduralMeshComponent.dll (API version 3944462).
LogModuleManager: Display: Found up-to-date module file ../../../Engine/Plugins/Runtime/ProceduralMeshComponent/Binaries/Win64/UE4Editor-ProceduralMeshComponentEditor.dll (API version 3944462).
LogModuleManager: Display: Found up-to-date module file ../../../Engine/Plugins/Animation/LiveLink/Binaries/Win64/UE4Editor-LiveLink.dll (API version 3944462).
LogModuleManager: Display: Found up-to-date module file ../../../Engine/Plugins/Animation/LiveLink/Binaries/Win64/UE4Editor-LiveLinkEditor.dll (API version 3944462).
LogModuleManager: Display: Found up-to-date module file ../../../Engine/Plugins/Runtime/ArchVisCharacter/Binaries/Win64/UE4Editor-ArchVisCharacter.dll (API version 3944462).
LogModuleManager: Display: Found up-to-date module file ../../../Engine/Plugins/Runtime/AudioCapture/Binaries/Win64/UE4Editor-AudioCapture.dll (API version 3944462).
LogModuleManager: Display: Found up-to-date module file ../../../Engine/Plugins/Runtime/AudioCapture/Binaries/Win64/UE4Editor-AudioCaptureEditor.dll (API version 3944462).
LogModuleManager: Display: Found up-to-date module file ../../../Engine/Plugins/Runtime/CableComponent/Binaries/Win64/UE4Editor-CableComponent.dll (API version 3944462).
LogModuleManager: Display: Found up-to-date module file ../../../Engine/Plugins/Runtime/CustomMeshComponent/Binaries/Win64/UE4Editor-CustomMeshComponent.dll (API version 3944462).
LogModuleManager: Display: Found up-to-date module file ../../../Engine/Plugins/Runtime/ExampleDeviceProfileSelector/Binaries/Win64/UE4Editor-ExampleDeviceProfileSelector.dll (API version 3944462).
LogModuleManager: Display: Found up-to-date module file ../../../Engine/Plugins/Runtime/ImmediatePhysics/Binaries/Win64/UE4Editor-ImmediatePhysics.dll (API version 3944462).
LogModuleManager: Display: Found up-to-date module file ../../../Engine/Plugins/Runtime/ImmediatePhysics/Binaries/Win64/UE4Editor-ImmediatePhysicsEditor.dll (API version 3944462).
LogModuleManager: Display: Found up-to-date module file ../../../Engine/Plugins/Runtime/LocationServicesBPLibrary/Binaries/Win64/UE4Editor-LocationServicesBPLibrary.dll (API version 3944462).
LogModuleManager: Display: Found up-to-date module file ../../../Engine/Plugins/Runtime/MobilePatchingUtils/Binaries/Win64/UE4Editor-MobilePatchingUtils.dll (API version 3944462).
LogModuleManager: Display: Found up-to-date module file ../../../Engine/Plugins/Runtime/Oculus/OculusVR/Binaries/Win64/UE4Editor-OculusHMD.dll (API version 3944462).
LogModuleManager: Display: Found up-to-date module file ../../../Engine/Plugins/Runtime/Oculus/OculusVR/Binaries/Win64/UE4Editor-OculusInput.dll (API version 3944462).
LogModuleManager: Display: Found up-to-date module file ../../../Engine/Plugins/Runtime/Oculus/OculusVR/Binaries/Win64/UE4Editor-OculusEditor.dll (API version 3944462).
LogModuleManager: Display: Found up-to-date module file ../../../Engine/Plugins/Runtime/PhysXVehicles/Binaries/Win64/UE4Editor-PhysXVehicles.dll (API version 3944462).
LogModuleManager: Display: Found up-to-date module file ../../../Engine/Plugins/Runtime/PhysXVehicles/Binaries/Win64/UE4Editor-PhysXVehiclesEditor.dll (API version 3944462).
LogModuleManager: Display: Found up-to-date module file ../../../Engine/Plugins/Runtime/RuntimePhysXCooking/Binaries/Win64/UE4Editor-RuntimePhysXCooking.dll (API version 3944462).
LogModuleManager: Display: Found up-to-date module file ../../../Engine/Plugins/Runtime/Steam/SteamVR/Binaries/Win64/UE4Editor-SteamVR.dll (API version 3944462).
LogModuleManager: Display: Found up-to-date module file ../../../Engine/Plugins/Runtime/Steam/SteamVR/Binaries/Win64/UE4Editor-SteamVRController.dll (API version 3944462).
LogModuleManager: Display: Found up-to-date module file ../../../Engine/Plugins/Runtime/WindowsMoviePlayer/Binaries/Win64/UE4Editor-WindowsMoviePlayer.dll (API version 3944462).
LogPluginManager: Mounting plugin Paper2D
LogPluginManager: Mounting plugin LiveLink
LogPluginManager: Mounting plugin LightPropagationVolume
LogPluginManager: Mounting plugin CLionSourceCodeAccess
LogPluginManager: Mounting plugin CodeLiteSourceCodeAccess
LogPluginManager: Mounting plugin GitSourceControl
LogPluginManager: Mounting plugin KDevelopSourceCodeAccess
LogPluginManager: Mounting plugin NullSourceCodeAccess
LogPluginManager: Mounting plugin PerforceSourceControl
LogPluginManager: Mounting plugin SubversionSourceControl
LogPluginManager: Mounting plugin UObjectPlugin
LogPluginManager: Mounting plugin VisualStudioCodeSourceCodeAccess
LogPluginManager: Mounting plugin VisualStudioSourceCodeAccess
LogPluginManager: Mounting plugin XCodeSourceCodeAccess
LogPluginManager: Mounting plugin AssetManagerEditor
LogPluginManager: Mounting plugin CryptoKeys
LogPluginManager: Mounting plugin DataValidation
LogPluginManager: Mounting plugin FacialAnimation
LogPluginManager: Mounting plugin GameplayTagsEditor
LogPluginManager: Mounting plugin MobileLauncherProfileWizard
LogPluginManager: Mounting plugin PluginBrowser
LogPluginManager: Mounting plugin SpeedTreeImporter
LogPluginManager: Mounting plugin DatasmithContent
LogPluginManager: Mounting plugin AlembicImporter
LogPluginManager: Mounting plugin CharacterAI
LogPluginManager: Mounting plugin HTML5Networking
LogPluginManager: Mounting plugin AndroidMedia
LogPluginManager: Mounting plugin AvfMedia
LogPluginManager: Mounting plugin ImgMedia
LogPluginManager: Mounting plugin LinearTimecode
LogPluginManager: Mounting plugin MediaCompositing
LogPluginManager: Mounting plugin MediaPlayerEditor
LogPluginManager: Mounting plugin WmfMedia
LogPluginManager: Mounting plugin TcpMessaging
LogPluginManager: Mounting plugin UdpMessaging
LogPluginManager: Mounting plugin ActorSequence
LogPluginManager: Mounting plugin LevelSequenceEditor
LogPluginManager: Mounting plugin MatineeToLevelSequence
LogPluginManager: Mounting plugin NetcodeUnitTest
LogPluginManager: Mounting plugin NUTUnrealEngine4
LogPluginManager: Mounting plugin OnlineSubsystemGooglePlay
LogPluginManager: Mounting plugin OnlineSubsystemIOS
LogPluginManager: Mounting plugin OnlineSubsystem
LogPluginManager: Mounting plugin OnlineSubsystemNull
LogPluginManager: Mounting plugin OnlineSubsystemUtils
LogPluginManager: Mounting plugin AndroidDeviceProfileSelector
LogPluginManager: Mounting plugin AndroidMoviePlayer
LogPluginManager: Mounting plugin AndroidPermission
LogPluginManager: Mounting plugin AppleARKit
LogPluginManager: Mounting plugin AppleMoviePlayer
LogPluginManager: Mounting plugin ArchVisCharacter
LogPluginManager: Mounting plugin AudioCapture
LogPluginManager: Mounting plugin CableComponent
LogPluginManager: Mounting plugin CustomMeshComponent
LogPluginManager: Mounting plugin ExampleDeviceProfileSelector
LogPluginManager: Mounting plugin GoogleCloudMessaging
LogPluginManager: Mounting plugin ImmediatePhysics
LogPluginManager: Mounting plugin IOSDeviceProfileSelector
LogPluginManager: Mounting plugin LinuxDeviceProfileSelector
LogPluginManager: Mounting plugin LocationServicesBPLibrary
LogPluginManager: Mounting plugin MobilePatchingUtils
LogPluginManager: Mounting plugin OculusVR
LogPluginManager: Plugin shader directory ../../../Engine/Plugins/Runtime/Oculus/OculusVR/Shaders found
LogPluginManager: Mapping shader source directory ../../../Engine/Plugins/Runtime/Oculus/OculusVR/Shaders to virtual directory /Plugin/OculusVR
LogPluginManager: Mounting plugin PhysXVehicles
LogPluginManager: Mounting plugin ProceduralMeshComponent
LogPluginManager: Mounting plugin RuntimePhysXCooking
LogPluginManager: Mounting plugin SteamVR
LogPluginManager: Mounting plugin WindowsMoviePlayer
LogStreaming: Display: Took  2.077s to configure plugins.
LogInit: Using libcurl 7.47.1
LogInit:  - built for x86_64-pc-win32
LogInit:  - supports SSL with OpenSSL/1.0.2g
LogInit:  - supports HTTP deflate (compression) using libz 1.2.8
LogInit:  - other features:
LogInit:      CURL_VERSION_SSL
LogInit:      CURL_VERSION_LIBZ
LogInit:      CURL_VERSION_IPV6
LogInit:      CURL_VERSION_ASYNCHDNS
LogInit:      CURL_VERSION_LARGEFILE
LogInit:      CURL_VERSION_IDN
LogInit:  CurlRequestOptions (configurable via config and command line):
LogInit:  - bVerifyPeer = false  - Libcurl will NOT verify peer certificate
LogInit:  - bUseHttpProxy = false  - Libcurl will NOT use HTTP proxy
LogInit:  - bDontReuseConnections = false  - Libcurl will reuse connections
LogInit:  - CertBundlePath = nullptr  - Libcurl will use whatever was configured at build time.
LogInit:  - MaxHostConnections = 16  - Libcurl will limit the number of connections to a host
LogInit:  - LocalHostAddr = Default
LogInit: WinSock: version 1.1 (2.2), MaxSocks=32767, MaxUdp=65467
LogInit: WinSock: I am DESKTOP-PJP97K6 (192.168.1.202:0)
LogInit: Build: ++UE4+Release-4.19-CL-4033788
LogInit: Engine Version: 4.19.2-4033788+++UE4+Release-4.19
LogInit: Compatible Engine Version: 4.19.0-3944462+++UE4+Release-4.19
LogInit: Net CL: 3944462
LogDevObjectVersion: Number of dev versions registered: 18
LogDevObjectVersion:   Dev-Blueprints (B0D832E4-1F89-4F0D-ACCF-7EB736FD4AA2): 10
LogDevObjectVersion:   Dev-Build (E1C64328-A22C-4D53-A36C-8E866417BD8C): 0
LogDevObjectVersion:   Dev-Core (375EC13C-06E4-48FB-B500-84F0262A717E): 2
LogDevObjectVersion:   Dev-Editor (E4B068ED-F494-42E9-A231-DA0B2E46BB41): 23
LogDevObjectVersion:   Dev-Framework (CFFC743F-43B0-4480-9391-14DF171D2073): 33
LogDevObjectVersion:   Dev-Mobile (B02B49B5-BB20-44E9-A304-32B752E40360): 2
LogDevObjectVersion:   Dev-Networking (A4E4105C-59A1-49B5-A7C5-40C4547EDFEE): 0
LogDevObjectVersion:   Dev-Online (39C831C9-5AE6-47DC-9A44-9C173E1C8E7C): 0
LogDevObjectVersion:   Dev-Physics (78F01B33-EBEA-4F98-B9B4-84EACCB95AA2): 0
LogDevObjectVersion:   Dev-Platform (6631380F-2D4D-43E0-8009-CF276956A95A): 0
LogDevObjectVersion:   Dev-Rendering (12F88B9F-8875-4AFC-A67C-D90C383ABD29): 25
LogDevObjectVersion:   Dev-Sequencer (7B5AE74C-D270-4C10-A958-57980B212A5A): 6
LogDevObjectVersion:   Dev-VR (D7296918-1DD6-4BDD-9DE2-64A83CC13884): 1
LogDevObjectVersion:   Dev-LoadTimes (C2A15278-BFE7-4AFE-6C17-90FF531DF755): 1
LogDevObjectVersion:   Private-Geometry (6EACA3D4-40EC-4CC1-B786-8BED09428FC5): 2
LogDevObjectVersion:   Dev-AnimPhys (29E575DD-E0A3-4627-9D10-D276232CDCEA): 16
LogDevObjectVersion:   Dev-ReflectionCapture (6B266CEC-1EC7-4B8F-A30B-E4D90942FC07): 1
LogDevObjectVersion:   Dev-Automation (0DF73D61-A23F-47EA-B727-89E90C41499A): 1
LogInit: Compiled (64-bit): Apr 27 2018 02:06:57
LogInit: Compiled with Visual C++: 19.00.24215.01
LogInit: Build Configuration: Development
LogInit: Branch Name: ++UE4+Release-4.19
LogInit: Command Line: -EpicPortal 
LogInit: Base Directory: E:/Epic Games/UE_4.19/Engine/Binaries/Win64/
LogInit: Installed Engine Build: 1
LogStreaming: Display: Took  0.001s to delete old logs.
LogInit: Presizing for max 8388607 objects, including 0 objects not considered by GC, pre-allocating 0 bytes for permanent pool.
LogInit: Object subsystem initialized
[2018.08.21-09.51.42:697][  0]LogInit: Selected Device Profile: [Windows]
[2018.08.21-09.51.42:697][  0]LogInit: Applying CVar settings loaded from the selected device profile: [Windows]
[2018.08.21-09.51.42:709][  0]LogInit: Computer: DESKTOP-PJP97K6
[2018.08.21-09.51.42:709][  0]LogInit: User: DarrenChua
[2018.08.21-09.51.42:709][  0]LogInit: CPU Page size=4096, Cores=4
[2018.08.21-09.51.42:709][  0]LogInit: High frequency timer resolution =2.742188 MHz
[2018.08.21-09.51.42:709][  0]LogMemory: Memory total: Physical=24.0GB (24GB approx)
[2018.08.21-09.51.42:709][  0]LogMemory: Platform Memory Stats for Windows
[2018.08.21-09.51.42:709][  0]LogMemory: Process Physical Memory: 275.00 MB used, 275.00 MB peak
[2018.08.21-09.51.42:709][  0]LogMemory: Process Virtual Memory: 264.95 MB used, 264.95 MB peak
[2018.08.21-09.51.42:709][  0]LogMemory: Physical Memory: 14852.69 MB used,  9677.96 MB free, 24530.64 MB total
[2018.08.21-09.51.42:709][  0]LogMemory: Virtual Memory: 4781.18 MB used,  9677.96 MB free, 134217728.00 MB total
[2018.08.21-09.51.43:046][  0]LogInit: Using OS detected language (en-US).
[2018.08.21-09.51.43:046][  0]LogInit: Using OS detected locale (en-SG).
[2018.08.21-09.51.43:053][  0]LogTextLocalizationManager: No specific localization for 'en-US' exists, so the 'en' localization will be used.
[2018.08.21-09.51.43:539][  0]LogStreaming: Display: Took  0.493s to EndInitTextLocalization.
[2018.08.21-09.51.43:540][  0]LogInit: Setting process to per monitor DPI aware
[2018.08.21-09.51.43:573][  0]LogSlate: New Slate User Created.  User Index 0, Is Virtual User: 0
[2018.08.21-09.51.43:573][  0]LogSlate: Slate User Registered.  User Index 0, Is Virtual User: 0
[2018.08.21-09.51.43:957][  0]LogD3D11RHI: D3D11 adapters:
[2018.08.21-09.51.44:029][  0]LogD3D11RHI:    0. 'NVIDIA GeForce GTX 1080 with Max-Q Design' (Feature Level 11_0)
[2018.08.21-09.51.44:029][  0]LogD3D11RHI:       8079/0/12265 MB DedicatedVideo/DedicatedSystem/SharedSystem, Outputs:1, VendorId:0x10de
[2018.08.21-09.51.44:032][  0]LogD3D11RHI:    1. 'Microsoft Basic Render Driver' (Feature Level 11_0)
[2018.08.21-09.51.44:032][  0]LogD3D11RHI:       0/0/12265 MB DedicatedVideo/DedicatedSystem/SharedSystem, Outputs:0, VendorId:0x1414
[2018.08.21-09.51.44:032][  0]LogD3D11RHI: Chosen D3D11 Adapter: 0
[2018.08.21-09.51.44:043][  0]LogD3D11RHI: Creating new Direct3DDevice
[2018.08.21-09.51.44:043][  0]LogD3D11RHI:     GPU DeviceId: 0x1be0 (for the marketing name, search the web for "GPU Device Id")
[2018.08.21-09.51.44:043][  0]LogWindows: EnumDisplayDevices:
[2018.08.21-09.51.44:043][  0]LogWindows:    0. 'NVIDIA GeForce GTX 1080 with Max-Q Design' (P:1 D:1)
[2018.08.21-09.51.44:043][  0]LogWindows:    1. 'NVIDIA GeForce GTX 1080 with Max-Q Design' (P:0 D:0)
[2018.08.21-09.51.44:043][  0]LogWindows:    2. 'NVIDIA GeForce GTX 1080 with Max-Q Design' (P:0 D:0)
[2018.08.21-09.51.44:044][  0]LogWindows:    3. 'NVIDIA GeForce GTX 1080 with Max-Q Design' (P:0 D:0)
[2018.08.21-09.51.44:044][  0]LogWindows: DebugString: GetVideoDriverDetailsInvalid PrimaryIsNotTheChoosenAdapter GetVideoDriverDetailsInvalid PrimaryIsNotTheChoosenAdapter GetVideoDriverDetailsInvalid PrimaryIsNotTheChoosenAdapter GetVideoDriverDetailsInvalid PrimaryIsNotTheChoosenAdapter FoundDriverCount:0 
[2018.08.21-09.51.44:044][  0]LogD3D11RHI:     Adapter Name: NVIDIA GeForce GTX 1080 with Max-Q Design
[2018.08.21-09.51.44:044][  0]LogD3D11RHI:   Driver Version: Unknown (internal:Unknown, unified:Unknown)
[2018.08.21-09.51.44:044][  0]LogD3D11RHI:      Driver Date: Unknown
[2018.08.21-09.51.44:044][  0]LogRHI: Texture pool is 5655 MB (70% of 8079 MB)
[2018.08.21-09.51.44:088][  0]LogD3D11RHI: [Aftermath] Aftermath enabled and primed
[2018.08.21-09.51.44:088][  0]LogD3D11RHI: [Aftermath] Aftermath enabled and primed
[2018.08.21-09.51.44:088][  0]LogD3D11RHI: Async texture creation enabled
[2018.08.21-09.51.44:111][  0]LogD3D11RHI: GPU Timing Frequency: 1000.000000 (Debug: 2 2)
[2018.08.21-09.51.44:158][  0]LogShaderCompilers: Guid format shader working directory is -13 characters bigger than the processId version (../../../../../Prototype in Unreal/Prototype3/Prototype3_running/Intermediate/Shaders/WorkingDirectory/18480/).
[2018.08.21-09.51.44:158][  0]LogShaderCompilers: Cleaned the shader compiler working directory 'C:/Users/Darren Chua/AppData/Local/Temp/UnrealShaderWorkingDir/69ED7AC54396BDCD319ED899DD01E354/'.
[2018.08.21-09.51.44:485][  0]LogTemp: Display: Loaded TP AllDesktopTargetPlatform
[2018.08.21-09.51.44:504][  0]LogTemp: Display: Loaded TP MacClientTargetPlatform
[2018.08.21-09.51.44:520][  0]LogTemp: Display: Loaded TP MacNoEditorTargetPlatform
[2018.08.21-09.51.44:538][  0]LogTemp: Display: Loaded TP MacServerTargetPlatform
[2018.08.21-09.51.44:556][  0]LogTemp: Display: Loaded TP MacTargetPlatform
[2018.08.21-09.51.44:575][  0]LogTemp: Display: Loaded TP WindowsClientTargetPlatform
[2018.08.21-09.51.44:593][  0]LogTemp: Display: Loaded TP WindowsNoEditorTargetPlatform
[2018.08.21-09.51.44:611][  0]LogTemp: Display: Loaded TP WindowsServerTargetPlatform
[2018.08.21-09.51.44:619][  0]LogTemp: Display: Loaded TP WindowsTargetPlatform
[2018.08.21-09.51.44:636][  0]LogTemp: Display: Loaded TP Android_ASTCTargetPlatform
[2018.08.21-09.51.44:651][  0]LogTemp: Display: Loaded TP Android_ATCTargetPlatform
[2018.08.21-09.51.44:667][  0]LogTemp: Display: Loaded TP Android_DXTTargetPlatform
[2018.08.21-09.51.44:681][  0]LogTemp: Display: Loaded TP Android_ETC1aTargetPlatform
[2018.08.21-09.51.44:695][  0]LogTemp: Display: Loaded TP Android_ETC1TargetPlatform
[2018.08.21-09.51.44:712][  0]LogTemp: Display: Loaded TP Android_ETC2TargetPlatform
[2018.08.21-09.51.44:742][  0]LogTemp: Display: Loaded TP Android_MultiTargetPlatform
[2018.08.21-09.51.44:742][  0]LogTemp: Display: Loaded TP Android_PVRTCTargetPlatform
[2018.08.21-09.51.44:759][  0]LogTemp: Display: Loaded TP AndroidTargetPlatform
[2018.08.21-09.51.44:762][  0]LogTemp: Display: Loaded TP HTML5TargetPlatform
[2018.08.21-09.51.44:802][  0]LogTemp: Display: Loaded TP IOSTargetPlatform
[2018.08.21-09.51.44:818][  0]LogTemp: Display: Loaded TP TVOSTargetPlatform
[2018.08.21-09.51.44:833][  0]LogTemp: Display: Loaded TP LinuxClientTargetPlatform
[2018.08.21-09.51.44:852][  0]LogTemp: Display: Loaded TP LinuxNoEditorTargetPlatform
[2018.08.21-09.51.44:870][  0]LogTemp: Display: Loaded TP LinuxServerTargetPlatform
[2018.08.21-09.51.44:887][  0]LogTemp: Display: Loaded TP LinuxTargetPlatform
[2018.08.21-09.51.44:887][  0]LogTargetPlatformManager: Display: Building Assets For Windows
[2018.08.21-09.51.45:094][  0]LogXGEController: Cannot use XGE Controller as Incredibuild is not installed on this machine.
[2018.08.21-09.51.45:094][  0]LogShaderCompilers: Cannot use XGE Shader Compiler as Incredibuild is not installed on this machine.
[2018.08.21-09.51.45:094][  0]LogShaderCompilers: Display: Using Local Shader Compiler.
[2018.08.21-09.51.46:573][  0]LogDerivedDataCache: Display: Max Cache Size: 512 MB
[2018.08.21-09.51.46:644][  0]LogDerivedDataCache: Loaded boot cache 0.07s 74MB C:/Users/Darren Chua/AppData/Local/UnrealEngine/4.19/DerivedDataCache/Boot.ddc.
[2018.08.21-09.51.46:644][  0]LogDerivedDataCache: Display: Loaded Boot cache: C:/Users/Darren Chua/AppData/Local/UnrealEngine/4.19/DerivedDataCache/Boot.ddc
[2018.08.21-09.51.46:645][  0]LogDerivedDataCache: FDerivedDataBackendGraph:  Pak pak cache file ../../../../../Prototype in Unreal/Prototype3/Prototype3_running/DerivedDataCache/DDC.ddp not found, will not use a pak cache.
[2018.08.21-09.51.46:645][  0]LogDerivedDataCache: Unable to find inner node Pak for hierarchical cache Hierarchy.
[2018.08.21-09.51.46:645][  0]LogDerivedDataCache: FDerivedDataBackendGraph:  CompressedPak pak cache file ../../../../../Prototype in Unreal/Prototype3/Prototype3_running/DerivedDataCache/Compressed.ddp not found, will not use a pak cache.
[2018.08.21-09.51.46:645][  0]LogDerivedDataCache: Unable to find inner node CompressedPak for hierarchical cache Hierarchy.
[2018.08.21-09.51.46:664][  0]LogDerivedDataCache: Display: Pak cache opened for reading ../../../Engine/DerivedDataCache/Compressed.ddp.
[2018.08.21-09.51.46:677][  0]LogDerivedDataCache: Using Local data cache path C:/Users/Darren Chua/AppData/Local/UnrealEngine/Common/DerivedDataCache: Writable
[2018.08.21-09.51.46:677][  0]LogDerivedDataCache: Shared data cache path not found in *engine.ini, will not use an Shared cache.
[2018.08.21-09.51.46:677][  0]LogDerivedDataCache: Unable to find inner node Shared for hierarchical cache Hierarchy.
[2018.08.21-09.51.46:691][  0]LogMaterial: Verifying Global Shaders for PCD3D_SM5
[2018.08.21-09.51.46:692][  0]LogSlate: Using Freetype 2.6.0
[2018.08.21-09.51.46:693][  0]LogSlate: SlateFontCache - WITH_FREETYPE: 1, WITH_HARFBUZZ: 1
[2018.08.21-09.51.46:693][  0]LogSlate: SlateFontCache - WITH_FREETYPE: 1, WITH_HARFBUZZ: 1
[2018.08.21-09.51.46:838][  0]LogAssetRegistry: FAssetRegistry took 0.0270 seconds to start up
[2018.08.21-09.51.47:261][  0]LogInit: Selected Device Profile: [Windows]
[2018.08.21-09.51.47:443][  0]LogSimplygon: Simplygon DLL not present - disabling.
[2018.08.21-09.51.47:447][  0]LogMeshReduction: Using SimplygonSwarm for distributed automatic mesh merging
[2018.08.21-09.51.47:447][  0]LogMeshReduction: Using QuadricMeshReduction for automatic static mesh reduction
[2018.08.21-09.51.47:447][  0]LogMeshReduction: No automatic skeletal mesh reduction module available
[2018.08.21-09.51.47:447][  0]LogMeshReduction: No automatic mesh merging module available
[2018.08.21-09.51.47:447][  0]LogMeshMerging: No automatic mesh merging module available
[2018.08.21-09.51.47:500][  0]LogNetVersion: ThirdPerson , NetCL: 3944462, EngineNetVer: 2, GameNetVer: 0 (Checksum: 908767767)
[2018.08.21-09.51.47:975][  0]LogPackageLocalizationCache: Processed 9 localized package path(s) for 2 prioritized culture(s) in 0.082158 seconds
[2018.08.21-09.51.47:980][  0]LogUObjectArray: 36728 objects as part of root set at end of initial load.
[2018.08.21-09.51.47:980][  0]LogUObjectAllocator: 7314304 out of 0 bytes used by permanent object pool.
[2018.08.21-09.51.47:980][  0]LogUObjectArray: CloseDisregardForGC: 0/0 objects in disregard for GC pool
[2018.08.21-09.51.50:001][  0]LogTcpMessaging: Initializing TcpMessaging bridge
[2018.08.21-09.51.50:051][  0]LogUdpMessaging: Initializing bridge on interface 0.0.0.0:0 to multicast group 230.0.0.1:6666.
[2018.08.21-09.51.50:691][  0]SourceControl: Source control is disabled
[2018.08.21-09.51.50:691][  0]SourceControl: Source control is disabled
[2018.08.21-09.51.50:729][  0]SourceControl: Source control is disabled
[2018.08.21-09.51.50:772][  0]SourceControl: Source control is disabled
[2018.08.21-09.51.51:720][  0]LogAndroidPermission: UAndroidPermissionCallbackProxy::GetInstance
[2018.08.21-09.51.52:021][  0]LogOcInput: OculusInput pre-init called
[2018.08.21-09.51.52:190][  0]LogEngine: Initializing Engine...
[2018.08.21-09.51.57:805][  0]LogHMD: Failed to initialize OpenVR with code 108
[2018.08.21-09.51.57:807][  0]LogStats: UGameplayTagsManager::ConstructGameplayTagTree: Construct from data asset -  0.000 s
[2018.08.21-09.51.57:807][  0]LogStats: UGameplayTagsManager::ConstructGameplayTagTree: GameplayTagTreeChangedEvent.Broadcast -  0.000 s
[2018.08.21-09.51.58:043][  0]LogAIModule: Creating AISystem for world Untitled
[2018.08.21-09.51.58:111][  0]LogInit: XAudio2 using 'Speakers (Realtek High Definition Audio)' : 6 channels at 48 kHz using 32 bits per sample (channel mask 0x3f)
[2018.08.21-09.51.58:191][  0]LogInit: FAudioDevice initialized.
[2018.08.21-09.51.58:241][  0]LogDerivedDataCache: Saved boot cache 0.05s 74MB C:/Users/Darren Chua/AppData/Local/UnrealEngine/4.19/DerivedDataCache/Boot.ddc.
[2018.08.21-09.51.58:255][  0]LogInit: Texture streaming: Enabled
[2018.08.21-09.51.58:279][  0]LogEngineSessionManager: EngineSessionManager initialized
[2018.08.21-09.51.58:295][  0]LogInit: Transaction tracking system initialized
[2018.08.21-09.51.58:329][  0]BlueprintLog: New page: Editor Load
[2018.08.21-09.51.58:425][  0]LocalizationService: Localization service is disabled
[2018.08.21-09.51.58:572][  0]LogConsoleResponse: Display: 
[2018.08.21-09.51.58:746][  0]LogCook: Display: Max memory allowance for cook 16384mb min free memory 0mb
[2018.08.21-09.51.58:746][  0]LogCook: Display: Mobile HDR setting 1
[2018.08.21-09.51.58:746][  0]LogGameplayTags: Display: UGameplayTagsManager::DoneAddingNativeTags. DelegateIsBound: 0
[2018.08.21-09.51.58:746][  0]LogStats: UGameplayTagsManager::ConstructGameplayTagTree: Construct from data asset -  0.000 s
[2018.08.21-09.51.58:746][  0]LogStats: UGameplayTagsManager::ConstructGameplayTagTree: GameplayTagTreeChangedEvent.Broadcast -  0.000 s
[2018.08.21-09.51.58:966][  0]LogFileCache: Scanning file cache for directory 'E:/Prototype in Unreal/Prototype3/Prototype3_running/Content/' took 0.02s
[2018.08.21-09.51.59:452][  0]SourceControl: Source control is disabled
[2018.08.21-09.51.59:452][  0]Cmd: MAP LOAD FILE="../../../../../Prototype in Unreal/Prototype3/Prototype3_running/Content/Maps/DarrenLevel.umap" TEMPLATE=0 SHOWPROGRESS=1 FEATURELEVEL=3
[2018.08.21-09.51.59:452][  0]LightingResults: New page: Lighting Build
[2018.08.21-09.51.59:455][  0]MapCheck: New page: Map Check
[2018.08.21-09.51.59:455][  0]LightingResults: New page: Lighting Build
[2018.08.21-09.51.59:662][  0]LogAIModule: Creating AISystem for world DarrenLevel
[2018.08.21-09.51.59:668][  0]LogEditorServer: Finished looking for orphan Actors (0.000 secs)
[2018.08.21-09.51.59:684][  0]Cmd: MAP CHECKDEP NOCLEARLOG
[2018.08.21-09.51.59:740][  0]MapCheck: Map check complete: 0 Error(s), 0 Warning(s), took 56.57ms to complete.
[2018.08.21-09.51.59:740][  0]LogFileHelpers: Loading map 'DarrenLevel' took 0.289
[2018.08.21-09.51.59:882][  0]LogCollectionManager: Loaded 0 collections in 0.002800 seconds
[2018.08.21-09.51.59:926][  0]LogFileCache: Scanning file cache for directory 'E:/Prototype in Unreal/Prototype3/Prototype3_running/Saved/Collections/' took 0.01s
[2018.08.21-09.51.59:926][  0]LogFileCache: Scanning file cache for directory 'E:/Prototype in Unreal/Prototype3/Prototype3_running/Content/Developers/DarrenChua/Collections/' took 0.01s
[2018.08.21-09.51.59:926][  0]LogFileCache: Scanning file cache for directory 'E:/Prototype in Unreal/Prototype3/Prototype3_running/Content/Collections/' took 0.01s
[2018.08.21-09.51.59:926][  0]LogCollectionManager: Rebuilt the GUID cache for 0 collections in 0.000000 seconds
[2018.08.21-09.51.59:938][  0]LogContentBrowser: Native class hierarchy populated in 0.0123 seconds. Added 2452 classes and 558 folders.
[2018.08.21-09.51.59:948][  0]LogContentBrowser: Native class hierarchy updated for 'WidgetCarousel' in 0.0008 seconds. Added 0 classes and 0 folders.
[2018.08.21-09.52.00:047][  0]LogContentBrowser: Native class hierarchy updated for 'AddContentDialog' in 0.0008 seconds. Added 0 classes and 0 folders.
[2018.08.21-09.52.00:052][  0]LogContentBrowser: Native class hierarchy updated for 'SceneOutliner' in 0.0007 seconds. Added 1 classes and 2 folders.
[2018.08.21-09.52.00:074][  0]LogSlate: Took 0.000203 seconds to synchronously load lazily loaded font '../../../Engine/Content/Slate/Fonts/Roboto-Regular.ttf' (155K)
[2018.08.21-09.52.00:076][  0]LogSlate: Took 0.000232 seconds to synchronously load lazily loaded font '../../../Engine/Content/Slate/Fonts/Roboto-Bold.ttf' (160K)
[2018.08.21-09.52.00:083][  0]LogSlate: Took 0.000225 seconds to synchronously load lazily loaded font '../../../Engine/Content/Editor/Slate/Fonts/FontAwesome.ttf' (139K)
[2018.08.21-09.52.00:200][  0]LogRenderer: Reallocating scene render targets to support 964x436 Format 10 NumSamples 1 (Frame:1).
[2018.08.21-09.52.00:384][  0]LogContentBrowser: Native class hierarchy updated for 'HierarchicalLODOutliner' in 0.0007 seconds. Added 0 classes and 0 folders.
[2018.08.21-09.52.00:384][  0]LogLoad: (Engine Initialization) Total time: 22.77 seconds
[2018.08.21-09.52.00:384][  0]LogLoad: (Engine Initialization) Total Blueprint compile time: 0.00 seconds
[2018.08.21-09.52.00:745][  0]LogContentStreaming: Texture pool size now 1000 MB
[2018.08.21-09.52.00:798][  0]LogSlate: Took 0.000210 seconds to synchronously load lazily loaded font '../../../Engine/Content/Slate/Fonts/Roboto-Light.ttf' (167K)
[2018.08.21-09.52.01:070][  1]LogAssetRegistry: Asset discovery search completed in 14.2544 seconds
[2018.08.21-09.52.01:072][  1]LogCollectionManager: Rebuilt the object cache for 0 collections in 0.000000 seconds (found 0 objects)
[2018.08.21-09.52.01:072][  1]LogCollectionManager: Fixed up redirectors for 0 collections in 0.000061 seconds (updated 0 objects)
[2018.08.21-09.52.04:055][ 10]LogSlate: FSceneViewport::OnFocusLost() reason 0
[2018.08.21-09.52.10:641][227]LogSlate: Took 0.000267 seconds to synchronously load lazily loaded font '../../../Engine/Content/Slate/Fonts/Roboto-Light.ttf' (167K)
[2018.08.21-09.52.10:665][227]Cmd: MAP LOAD FILE="../../../../../Prototype in Unreal/Prototype3/Prototype3_running/Content/Maps/DarrenLevel.umap" TEMPLATE=0 SHOWPROGRESS=1 FEATURELEVEL=3
[2018.08.21-09.52.10:665][227]LightingResults: New page: Lighting Build
[2018.08.21-09.52.10:666][227]LoadErrors: New page: Loading map: DarrenLevel.umap
[2018.08.21-09.52.10:696][227]MapCheck: New page: Map Check
[2018.08.21-09.52.10:696][227]LightingResults: New page: Lighting Build
[2018.08.21-09.52.10:719][227]LogAIModule: Creating AISystem for world DarrenLevel
[2018.08.21-09.52.10:721][227]LogEditorServer: Finished looking for orphan Actors (0.000 secs)
[2018.08.21-09.52.10:753][227]Cmd: MAP CHECKDEP NOCLEARLOG
[2018.08.21-09.52.10:806][227]MapCheck: Map check complete: 0 Error(s), 0 Warning(s), took 52.545ms to complete.
[2018.08.21-09.52.10:807][227]LogFileHelpers: Loading map 'DarrenLevel' took 0.142
[2018.08.21-09.52.12:804][302]LogTemp: Repeating last play command: Selected Viewport
[2018.08.21-09.52.12:818][302]LogPlayLevel: PlayLevel: No blueprints needed recompiling
[2018.08.21-09.52.12:818][302]PIE: New page: PIE session: DarrenLevel (22 Aug 2018 1:52:12 am)
[2018.08.21-09.52.12:818][302]LogPlayLevel: Creating play world package: /Game/Maps/UEDPIE_0_DarrenLevel
[2018.08.21-09.52.12:821][302]LogPlayLevel: PIE: StaticDuplicateObject took: (0.002906s)
[2018.08.21-09.52.12:822][302]LogAIModule: Creating AISystem for world DarrenLevel
[2018.08.21-09.52.12:822][302]LogPlayLevel: PIE: World Init took: (0.000682s)
[2018.08.21-09.52.12:822][302]LogPlayLevel: PIE: Created PIE world by copying editor world from /Game/Maps/DarrenLevel.DarrenLevel to /Game/Maps/UEDPIE_0_DarrenLevel.DarrenLevel (0.003754s)
[2018.08.21-09.52.12:842][302]LogInit: XAudio2 using 'Speakers (Realtek High Definition Audio)' : 6 channels at 48 kHz using 32 bits per sample (channel mask 0x3f)
[2018.08.21-09.52.12:940][302]LogInit: FAudioDevice initialized.
[2018.08.21-09.52.12:991][302]LogUObjectGlobals: Created PersistentFrame Addr=0x000001b32c4cae80, Size=16, Default__RunGameMode_C Function /Game/ThirdPersonBP/Blueprints/RunGameMode.RunGameMode_C:ExecuteUbergraph_RunGameMode
[2018.08.21-09.52.12:993][302]LogUObjectGlobals: Created PersistentFrame Addr=0x000001b311fccb80, Size=224, Default__FloorTile_C Function /Game/ThirdPersonBP/Blueprints/FloorTile.FloorTile_C:ExecuteUbergraph_FloorTile
[2018.08.21-09.52.13:025][302]LogUObjectGlobals: Created PersistentFrame Addr=0x000001b332cce700, Size=64, Default__ThirdPerson_AnimBP_C Function /Game/Mannequin/Animations/ThirdPerson_AnimBP.ThirdPerson_AnimBP_C:ExecuteUbergraph_ThirdPerson_AnimBP
[2018.08.21-09.52.13:065][302]LogUObjectGlobals: Created PersistentFrame Addr=0x000001b316731900, Size=184, Default__ThirdPersonCharacter_C Function /Game/ThirdPersonBP/Blueprints/ThirdPersonCharacter.ThirdPersonCharacter_C:ExecuteUbergraph_ThirdPersonCharacter
[2018.08.21-09.52.13:070][302]LogUObjectGlobals: Created PersistentFrame Addr=0x000001b32f56b220, Size=88, Default__ScoreUI_C Function /Game/ThirdPersonBP/Blueprints/ScoreUI.ScoreUI_C:ExecuteUbergraph_ScoreUI
[2018.08.21-09.52.13:073][302]LogUObjectGlobals: Created PersistentFrame Addr=0x000001b332c2a5d8, Size=24, Default__GameHUD_C Function /Game/ThirdPersonBP/Blueprints/GameHUD.GameHUD_C:ExecuteUbergraph_GameHUD
[2018.08.21-09.52.13:076][302]LogUObjectGlobals: Created PersistentFrame Addr=0x000001b32f552240, Size=200, Default__FloorTileLogLeft_C Function /Game/ThirdPersonBP/Blueprints/Floors/FloorTileLogLeft.FloorTileLogLeft_C:ExecuteUbergraph_FloorTileLogLeft
[2018.08.21-09.52.13:076][302]LogUObjectGlobals: Created PersistentFrame Addr=0x000001b32f552160, Size=224, Default__FloorTileLogLeft_C Function /Game/ThirdPersonBP/Blueprints/FloorTile.FloorTile_C:ExecuteUbergraph_FloorTile
[2018.08.21-09.52.13:082][302]LogUObjectGlobals: Created PersistentFrame Addr=0x000001b32f5517c0, Size=224, Default__FloorTileLogRight_C Function /Game/ThirdPersonBP/Blueprints/FloorTile.FloorTile_C:ExecuteUbergraph_FloorTile
[2018.08.21-09.52.13:095][302]LogUObjectGlobals: Destroyed PersistentFrame Addr=0x000001b311fccb80, Size=224
[2018.08.21-09.52.13:095][302]LogUObjectGlobals: Created PersistentFrame Addr=0x000001b32f3126a0, Size=224, Default__FloorTile_C Function /Engine/Transient.REINST_FloorTile_C_5:ExecuteUbergraph_FloorTile
[2018.08.21-09.52.13:095][302]LogUObjectGlobals: Destroyed PersistentFrame Addr=0x000001b332cce700, Size=64
[2018.08.21-09.52.13:095][302]LogUObjectGlobals: Created PersistentFrame Addr=0x000001b315f3ca80, Size=64, Default__ThirdPerson_AnimBP_C Function /Engine/Transient.REINST_ThirdPerson_AnimBP_C_0:ExecuteUbergraph_ThirdPerson_AnimBP
[2018.08.21-09.52.13:096][302]LogUObjectGlobals: Destroyed PersistentFrame Addr=0x000001b32f552240, Size=200
[2018.08.21-09.52.13:096][302]LogUObjectGlobals: Destroyed PersistentFrame Addr=0x000001b32f552160, Size=224
[2018.08.21-09.52.13:096][302]LogUObjectGlobals: Created PersistentFrame Addr=0x000001b32f311c20, Size=200, Default__FloorTileLogLeft_C Function /Engine/Transient.REINST_FloorTileLogLeft_C_6:ExecuteUbergraph_FloorTileLogLeft
[2018.08.21-09.52.13:096][302]LogUObjectGlobals: Created PersistentFrame Addr=0x000001b32f311b40, Size=224, Default__FloorTileLogLeft_C Function /Engine/Transient.REINST_FloorTile_C_5:ExecuteUbergraph_FloorTile
[2018.08.21-09.52.13:096][302]LogUObjectGlobals: Destroyed PersistentFrame Addr=0x000001b32f5517c0, Size=224
[2018.08.21-09.52.13:096][302]LogUObjectGlobals: Created PersistentFrame Addr=0x000001b32f3117c0, Size=224, Default__FloorTileLogRight_C Function /Engine/Transient.REINST_FloorTile_C_5:ExecuteUbergraph_FloorTile
[2018.08.21-09.52.13:096][302]LogUObjectGlobals: Destroyed PersistentFrame Addr=0x000001b332c2a5d8, Size=24
[2018.08.21-09.52.13:096][302]LogUObjectGlobals: Created PersistentFrame Addr=0x000001b332d74940, Size=24, Default__GameHUD_C Function /Engine/Transient.REINST_GameHUD_C_8:ExecuteUbergraph_GameHUD
[2018.08.21-09.52.13:097][302]LogUObjectGlobals: Destroyed PersistentFrame Addr=0x000001b32c4cae80, Size=16
[2018.08.21-09.52.13:097][302]LogUObjectGlobals: Created PersistentFrame Addr=0x000001b32f5b90c0, Size=16, Default__RunGameMode_C Function /Engine/Transient.REINST_RunGameMode_C_9:ExecuteUbergraph_RunGameMode
[2018.08.21-09.52.13:097][302]LogUObjectGlobals: Destroyed PersistentFrame Addr=0x000001b32f56b220, Size=88
[2018.08.21-09.52.13:097][302]LogUObjectGlobals: Created PersistentFrame Addr=0x000001b32f56b220, Size=88, Default__ScoreUI_C Function /Engine/Transient.REINST_ScoreUI_C_0:ExecuteUbergraph_ScoreUI
[2018.08.21-09.52.13:097][302]LogUObjectGlobals: Destroyed PersistentFrame Addr=0x000001b316731900, Size=184
[2018.08.21-09.52.13:097][302]LogUObjectGlobals: Created PersistentFrame Addr=0x000001b313f32140, Size=184, Default__ThirdPersonCharacter_C Function /Engine/Transient.REINST_ThirdPersonCharacter_C_10:ExecuteUbergraph_ThirdPersonCharacter
[2018.08.21-09.52.13:118][302]LogUObjectGlobals: Created PersistentFrame Addr=0x000001b32cf1cb80, Size=224, Default__FloorTile_C Function /Game/ThirdPersonBP/Blueprints/FloorTile.FloorTile_C:ExecuteUbergraph_FloorTile
[2018.08.21-09.52.13:119][302]LogUObjectGlobals: Created PersistentFrame Addr=0x000001b32ced2e80, Size=72, Default__ThirdPerson_AnimBP_C Function /Game/Mannequin/Animations/ThirdPerson_AnimBP.ThirdPerson_AnimBP_C:ExecuteUbergraph_ThirdPerson_AnimBP
[2018.08.21-09.52.13:120][302]LogUObjectGlobals: Created PersistentFrame Addr=0x000001b32cf1c560, Size=200, Default__FloorTileLogLeft_C Function /Game/ThirdPersonBP/Blueprints/Floors/FloorTileLogLeft.FloorTileLogLeft_C:ExecuteUbergraph_FloorTileLogLeft
[2018.08.21-09.52.13:120][302]LogUObjectGlobals: Created PersistentFrame Addr=0x000001b32cf1c480, Size=224, Default__FloorTileLogLeft_C Function /Game/ThirdPersonBP/Blueprints/FloorTile.FloorTile_C:ExecuteUbergraph_FloorTile
[2018.08.21-09.52.13:120][302]LogUObjectGlobals: Created PersistentFrame Addr=0x000001b32cf1c2c0, Size=224, Default__FloorTileLogRight_C Function /Game/ThirdPersonBP/Blueprints/FloorTile.FloorTile_C:ExecuteUbergraph_FloorTile
[2018.08.21-09.52.13:121][302]LogUObjectGlobals: Created PersistentFrame Addr=0x000001b332d765f0, Size=24, Default__GameHUD_C Function /Game/ThirdPersonBP/Blueprints/GameHUD.GameHUD_C:ExecuteUbergraph_GameHUD
[2018.08.21-09.52.13:121][302]LogUObjectGlobals: Created PersistentFrame Addr=0x000001b32cf81c70, Size=16, Default__RunGameMode_C Function /Game/ThirdPersonBP/Blueprints/RunGameMode.RunGameMode_C:ExecuteUbergraph_RunGameMode
[2018.08.21-09.52.13:122][302]LogUObjectGlobals: Created PersistentFrame Addr=0x000001b32cec32e0, Size=88, Default__ScoreUI_C Function /Game/ThirdPersonBP/Blueprints/ScoreUI.ScoreUI_C:ExecuteUbergraph_ScoreUI
[2018.08.21-09.52.13:124][302]LogUObjectGlobals: Created PersistentFrame Addr=0x000001b32cea8640, Size=184, Default__ThirdPersonCharacter_C Function /Game/ThirdPersonBP/Blueprints/ThirdPersonCharacter.ThirdPersonCharacter_C:ExecuteUbergraph_ThirdPersonCharacter
[2018.08.21-09.52.13:264][302]LogSkeletalMesh: Skeletal Mesh found in DDC [12.316807ms] /Game/Mannequin/Character/Mesh/SK_Mannequin.SK_Mannequin
[2018.08.21-09.52.13:324][302]LogLoad: Game class is 'RunGameMode_C'
[2018.08.21-09.52.13:326][302]LogWorld: Bringing World /Game/Maps/UEDPIE_0_DarrenLevel.DarrenLevel up for play (max tick rate 60) at 2018.08.21-17.52.13
[2018.08.21-09.52.13:326][302]LogWorld: Bringing up level for play took: 0.000494
[2018.08.21-09.52.13:330][302]LogContentBrowser: Native class hierarchy updated for 'MovieSceneCapture' in 0.0006 seconds. Added 11 classes and 0 folders.
[2018.08.21-09.52.13:338][302]PIE: Play in editor start time for /Game/Maps/UEDPIE_0_DarrenLevel 1.128
[2018.08.21-09.52.13:375][303]LogCharacterMovement: Warning: GetSimulationTimeStep() - Max iterations 8 hit while remaining time 0.090156 > MaxSimulationTimeStep (0.050) for 'ThirdPersonCharacter_C_0', movement 'Walking'
[2018.08.21-09.52.16:281][474]LogUObjectGlobals: Destroyed PersistentFrame Addr=0x000001b32f3117c0, Size=224
[2018.08.21-09.52.16:281][474]LogUObjectGlobals: Destroyed PersistentFrame Addr=0x000001b32f311c20, Size=200
[2018.08.21-09.52.16:281][474]LogUObjectGlobals: Destroyed PersistentFrame Addr=0x000001b32f311b40, Size=224
[2018.08.21-09.52.16:281][474]LogUObjectGlobals: Destroyed PersistentFrame Addr=0x000001b332d74940, Size=24
[2018.08.21-09.52.16:281][474]LogUObjectGlobals: Destroyed PersistentFrame Addr=0x000001b32f56b220, Size=88
[2018.08.21-09.52.16:281][474]LogUObjectGlobals: Destroyed PersistentFrame Addr=0x000001b313f32140, Size=184
[2018.08.21-09.52.16:281][474]LogUObjectGlobals: Destroyed PersistentFrame Addr=0x000001b315f3ca80, Size=64
[2018.08.21-09.52.16:281][474]LogUObjectGlobals: Destroyed PersistentFrame Addr=0x000001b32f3126a0, Size=224
[2018.08.21-09.52.16:281][474]LogUObjectGlobals: Destroyed PersistentFrame Addr=0x000001b32f5b90c0, Size=16
[2018.08.21-09.52.18:365][550]LogSlate: FSceneViewport::OnFocusLost() reason 0
[2018.08.21-09.52.18:680][556]LogUObjectGlobals: Created PersistentFrame Addr=0x000001b32db98a30, Size=4, Default__MainMenu_C Function /Game/ThirdPersonBP/Blueprints/MainMenuWidget/MainMenu.MainMenu_C:ExecuteUbergraph_MainMenu
[2018.08.21-09.52.18:682][556]LogUObjectGlobals: Destroyed PersistentFrame Addr=0x000001b32db98a30, Size=4
[2018.08.21-09.52.18:683][556]LogUObjectGlobals: Created PersistentFrame Addr=0x000001b32db98a30, Size=4, Default__MainMenu_C Function /Engine/Transient.REINST_MainMenu_C_1:ExecuteUbergraph_MainMenu
[2018.08.21-09.52.18:684][556]LogUObjectGlobals: Created PersistentFrame Addr=0x000001b32db98b20, Size=4, Default__MainMenu_C Function /Game/ThirdPersonBP/Blueprints/MainMenuWidget/MainMenu.MainMenu_C:ExecuteUbergraph_MainMenu
[2018.08.21-09.52.18:685][556]LogUObjectGlobals: Created PersistentFrame Addr=0x000001b3339b1aa0, Size=16, Default__MainMenuHud_C Function /Game/ThirdPersonBP/Blueprints/MainMenuWidget/MainMenuHud.MainMenuHud_C:ExecuteUbergraph_MainMenuHud
[2018.08.21-09.52.18:687][556]LogUObjectGlobals: Destroyed PersistentFrame Addr=0x000001b3339b1aa0, Size=16
[2018.08.21-09.52.18:687][556]LogUObjectGlobals: Created PersistentFrame Addr=0x000001b3339b1aa0, Size=16, Default__MainMenuHud_C Function /Engine/Transient.REINST_MainMenuHud_C_20:ExecuteUbergraph_MainMenuHud
[2018.08.21-09.52.18:688][556]LogUObjectGlobals: Created PersistentFrame Addr=0x000001b3339b2900, Size=16, Default__MainMenuHud_C Function /Game/ThirdPersonBP/Blueprints/MainMenuWidget/MainMenuHud.MainMenuHud_C:ExecuteUbergraph_MainMenuHud
[2018.08.21-09.52.18:699][556]LogAIModule: Creating AISystem for world MainMenu
[2018.08.21-09.52.18:753][556]LogUObjectGlobals: Destroyed PersistentFrame Addr=0x000001b3339b1aa0, Size=16
[2018.08.21-09.52.18:753][556]LogUObjectGlobals: Destroyed PersistentFrame Addr=0x000001b32db98a30, Size=4
[2018.08.21-09.52.18:754][556]Cmd: MAP LOAD FILE="../../../../../Prototype in Unreal/Prototype3/Prototype3_running/Content/Maps/MainMenu.umap" TEMPLATE=0 SHOWPROGRESS=1 FEATURELEVEL=3
[2018.08.21-09.52.18:755][556]LightingResults: New page: Lighting Build
[2018.08.21-09.52.18:755][556]LoadErrors: New page: Loading map: MainMenu.umap
[2018.08.21-09.52.18:781][556]MapCheck: New page: Map Check
[2018.08.21-09.52.18:781][556]LightingResults: New page: Lighting Build
[2018.08.21-09.52.18:795][556]LogEditorServer: Finished looking for orphan Actors (0.000 secs)
[2018.08.21-09.52.18:826][556]Cmd: MAP CHECKDEP NOCLEARLOG
[2018.08.21-09.52.18:888][556]MapCheck: Map check complete: 0 Error(s), 0 Warning(s), took 62.065ms to complete.
[2018.08.21-09.52.18:888][556]LogFileHelpers: Loading map 'MainMenu' took 0.135
[2018.08.21-09.52.20:879][635]LogTemp: Repeating last play command: Selected Viewport
[2018.08.21-09.52.20:893][635]LogPlayLevel: PlayLevel: No blueprints needed recompiling
[2018.08.21-09.52.20:893][635]PIE: New page: PIE session: MainMenu (22 Aug 2018 1:52:20 am)
[2018.08.21-09.52.20:893][635]LogPlayLevel: Creating play world package: /Game/Maps/UEDPIE_0_MainMenu
[2018.08.21-09.52.20:894][635]LogPlayLevel: PIE: StaticDuplicateObject took: (0.000764s)
[2018.08.21-09.52.20:894][635]LogAIModule: Creating AISystem for world MainMenu
[2018.08.21-09.52.20:894][635]LogPlayLevel: PIE: World Init took: (0.000544s)
[2018.08.21-09.52.20:894][635]LogPlayLevel: PIE: Created PIE world by copying editor world from /Game/Maps/MainMenu.MainMenu to /Game/Maps/UEDPIE_0_MainMenu.MainMenu (0.001411s)
[2018.08.21-09.52.20:915][635]LogInit: XAudio2 using 'Speakers (Realtek High Definition Audio)' : 6 channels at 48 kHz using 32 bits per sample (channel mask 0x3f)
[2018.08.21-09.52.21:003][635]LogInit: FAudioDevice initialized.
[2018.08.21-09.52.21:038][635]LogLoad: Game class is 'MainMenuGameMode_C'
[2018.08.21-09.52.21:039][635]LogWorld: Bringing World /Game/Maps/UEDPIE_0_MainMenu.MainMenu up for play (max tick rate 60) at 2018.08.21-17.52.21
[2018.08.21-09.52.21:039][635]LogWorld: Bringing up level for play took: 0.000327
[2018.08.21-09.52.21:040][635]PIE: Play in editor start time for /Game/Maps/UEDPIE_0_MainMenu 0.83
[2018.08.21-09.52.22:091][693]LogNet: Browse: /Game/Maps/RichardLevel
[2018.08.21-09.52.22:091][693]LogLoad: LoadMap: /Game/Maps/RichardLevel
[2018.08.21-09.52.22:109][693]LogLinker: Warning: Can't find file '/Game/Maps/RichardLevel_BuiltData'
[2018.08.21-09.52.22:109][693]LogLinker: Warning: Can't find file for asset '/Game/Maps/RichardLevel_BuiltData' while loading ../../../../../Prototype in Unreal/Prototype3/Prototype3_running/Content/Maps/RichardLevel.umap.
[2018.08.21-09.52.22:109][693]LoadErrors: Error: /Game/Maps/RichardLevel : Can't find file for asset. /Game/Maps/RichardLevel_BuiltData
[2018.08.21-09.52.22:111][693]LogLinker: Warning: Can't find file '/Game/Maps/RichardLevel_BuiltData'
[2018.08.21-09.52.22:111][693]LogLinker: Warning: Can't find file for asset '/Game/Maps/RichardLevel_BuiltData' while loading ../../../../../Prototype in Unreal/Prototype3/Prototype3_running/Content/Maps/RichardLevel.umap.
[2018.08.21-09.52.22:117][693]LogLinker: Warning: Can't find file '/Game/Maps/RichardLevel_BuiltData'
[2018.08.21-09.52.22:117][693]LoadErrors: Failed to load /Game/Maps/RichardLevel_BuiltData.RichardLevel_BuiltData Referenced by PersistentLevel
[2018.08.21-09.52.22:117][693]LogLinker: Warning: Can't find file for asset '/Game/Maps/RichardLevel_BuiltData' while loading NULL.
[2018.08.21-09.52.22:536][693]LogAIModule: Creating AISystem for world RichardLevel
[2018.08.21-09.52.22:536][693]LogLoad: Game class is 'RunGameMode_C'
[2018.08.21-09.52.22:538][693]LogWorld: Bringing World /Game/Maps/UEDPIE_0_RichardLevel.RichardLevel up for play (max tick rate 60) at 2018.08.21-17.52.22
[2018.08.21-09.52.22:539][693]LogWorld: Bringing up level for play took: 0.001433
[2018.08.21-09.52.22:549][693]LogLoad: Took 0.457574 seconds to LoadMap(/Game/Maps/RichardLevel)
[2018.08.21-09.52.22:564][694]LogCharacterMovement: Warning: GetSimulationTimeStep() - Max iterations 8 hit while remaining time 0.073853 > MaxSimulationTimeStep (0.050) for 'ThirdPersonCharacter_C_0', movement 'Walking'
[2018.08.21-09.53.04:820][197]LogSlate: FSceneViewport::OnFocusLost() reason 0
[2018.08.21-09.53.09:231][327]LogContentBrowser: Native class hierarchy updated for 'BlueprintGraph' in 0.0011 seconds. Added 116 classes and 0 folders.
[2018.08.21-09.53.09:571][327]LogUObjectGlobals: Created PersistentFrame Addr=0x000001b32dad7098, Size=4, Default__SKEL_PROTO_BP_AnimBlueprint_0_C Function /Engine/Transient.SKEL_PROTO_BP_AnimBlueprint_0_C:ExecuteUbergraph_PROTO_BP_AnimBlueprint_0
[2018.08.21-09.53.09:572][327]LogUObjectGlobals: Created PersistentFrame Addr=0x000001b32dad7090, Size=4, Default__PROTO_BP_AnimBlueprint_0_C Function /Engine/Transient.PROTO_BP_AnimBlueprint_0_C:ExecuteUbergraph_PROTO_BP_AnimBlueprint_0
[2018.08.21-09.53.10:094][327]LogSlate: Took 0.000236 seconds to synchronously load lazily loaded font '../../../Engine/Content/Slate/Fonts/Roboto-BoldCondensed.ttf' (158K)
[2018.08.21-09.53.10:212][328]LogSlate: Took 0.000326 seconds to synchronously load lazily loaded font '../../../Engine/Content/Slate/Fonts/Roboto-Italic.ttf' (157K)
[2018.08.21-09.57.57:227][194]BlueprintLog: New page: Compile ThirdPersonCharacter
[2018.08.21-09.57.57:255][194]LogUObjectGlobals: Destroyed PersistentFrame Addr=0x000001b32cea8640, Size=184
[2018.08.21-09.57.57:255][194]LogUObjectGlobals: Created PersistentFrame Addr=0x000001b332cdd480, Size=184, Default__ThirdPersonCharacter_C Function /Engine/Transient.REINST_ThirdPersonCharacter_C_39:ExecuteUbergraph_ThirdPersonCharacter
[2018.08.21-09.57.57:259][194]LogUObjectGlobals: Created PersistentFrame Addr=0x000001b38ceb7ac0, Size=200, Default__ThirdPersonCharacter_C Function /Game/ThirdPersonBP/Blueprints/ThirdPersonCharacter.ThirdPersonCharacter_C:ExecuteUbergraph_ThirdPersonCharacter
[2018.08.21-09.57.59:643][251]LogTemp: Repeating last play command: Selected Viewport
[2018.08.21-09.57.59:664][251]LogPlayLevel: PlayLevel: No blueprints needed recompiling
[2018.08.21-09.57.59:664][251]PIE: New page: PIE session: MainMenu (22 Aug 2018 1:57:59 am)
[2018.08.21-09.57.59:664][251]LogPlayLevel: Creating play world package: /Game/Maps/UEDPIE_0_MainMenu
[2018.08.21-09.57.59:665][251]LogPlayLevel: PIE: StaticDuplicateObject took: (0.000879s)
[2018.08.21-09.57.59:666][251]LogAIModule: Creating AISystem for world MainMenu
[2018.08.21-09.57.59:666][251]LogPlayLevel: PIE: World Init took: (0.000870s)
[2018.08.21-09.57.59:666][251]LogPlayLevel: PIE: Created PIE world by copying editor world from /Game/Maps/MainMenu.MainMenu to /Game/Maps/UEDPIE_0_MainMenu.MainMenu (0.001907s)
[2018.08.21-09.57.59:698][251]LogInit: XAudio2 using 'Speakers (Realtek High Definition Audio)' : 6 channels at 48 kHz using 32 bits per sample (channel mask 0x3f)
[2018.08.21-09.57.59:786][251]LogInit: FAudioDevice initialized.
[2018.08.21-09.57.59:821][251]LogLoad: Game class is 'MainMenuGameMode_C'
[2018.08.21-09.57.59:822][251]LogWorld: Bringing World /Game/Maps/UEDPIE_0_MainMenu.MainMenu up for play (max tick rate 60) at 2018.08.21-17.57.59
[2018.08.21-09.57.59:822][251]LogWorld: Bringing up level for play took: 0.000531
[2018.08.21-09.57.59:824][251]PIE: Play in editor start time for /Game/Maps/UEDPIE_0_MainMenu -0.386
[2018.08.21-09.58.01:064][318]LogNet: Browse: /Game/Maps/RichardLevel
[2018.08.21-09.58.01:064][318]LogLoad: LoadMap: /Game/Maps/RichardLevel
[2018.08.21-09.58.01:261][318]LogLinker: Warning: Can't find file '/Game/Maps/RichardLevel_BuiltData'
[2018.08.21-09.58.01:262][318]LogLinker: Warning: Can't find file for asset '/Game/Maps/RichardLevel_BuiltData' while loading ../../../../../Prototype in Unreal/Prototype3/Prototype3_running/Content/Maps/RichardLevel.umap.
[2018.08.21-09.58.01:262][318]LogLinker: Warning: Can't find file '/Game/Maps/RichardLevel_BuiltData'
[2018.08.21-09.58.01:263][318]LogLinker: Warning: Can't find file for asset '/Game/Maps/RichardLevel_BuiltData' while loading ../../../../../Prototype in Unreal/Prototype3/Prototype3_running/Content/Maps/RichardLevel.umap.
[2018.08.21-09.58.01:268][318]LogLinker: Warning: Can't find file '/Game/Maps/RichardLevel_BuiltData'
[2018.08.21-09.58.01:268][318]LogLinker: Warning: Can't find file for asset '/Game/Maps/RichardLevel_BuiltData' while loading NULL.
[2018.08.21-09.58.01:376][318]LogAIModule: Creating AISystem for world RichardLevel
[2018.08.21-09.58.01:376][318]LogLoad: Game class is 'RunGameMode_C'
[2018.08.21-09.58.01:377][318]LogWorld: Bringing World /Game/Maps/UEDPIE_0_RichardLevel.RichardLevel up for play (max tick rate 60) at 2018.08.21-17.58.01
[2018.08.21-09.58.01:377][318]LogWorld: Bringing up level for play took: 0.001007
[2018.08.21-09.58.01:387][318]LogLoad: Took 0.322909 seconds to LoadMap(/Game/Maps/RichardLevel)
[2018.08.21-09.58.05:854][555]LogSlate: FSceneViewport::OnFocusLost() reason 0
[2018.08.21-09.58.16:335][ 13]LogTemp: Repeating last play command: Selected Viewport
[2018.08.21-09.58.16:351][ 13]BlueprintLog: New page: Pre-Play auto-recompile
[2018.08.21-09.58.16:366][ 13]LogPlayLevel: [PlayLevel] Compiling ThirdPersonCharacter before play...
[2018.08.21-09.58.16:374][ 13]LogUObjectGlobals: Destroyed PersistentFrame Addr=0x000001b38ceb7ac0, Size=200
[2018.08.21-09.58.16:374][ 13]LogUObjectGlobals: Created PersistentFrame Addr=0x000001b321e3c2c0, Size=200, ThirdPersonCharacter_C_19 Function /Engine/Transient.REINST_ThirdPersonCharacter_C_44:ExecuteUbergraph_ThirdPersonCharacter
[2018.08.21-09.58.16:378][ 13]LogUObjectGlobals: Created PersistentFrame Addr=0x000001b3242791a0, Size=200, Default__ThirdPersonCharacter_C Function /Game/ThirdPersonBP/Blueprints/ThirdPersonCharacter.ThirdPersonCharacter_C:ExecuteUbergraph_ThirdPersonCharacter
[2018.08.21-09.58.16:676][ 13]LogPlayLevel: PlayLevel: Blueprint regeneration took 325 ms (1 blueprints)
[2018.08.21-09.58.16:676][ 13]PIE: New page: PIE session: MainMenu (22 Aug 2018 1:58:16 am)
[2018.08.21-09.58.16:676][ 13]LogPlayLevel: Creating play world package: /Game/Maps/UEDPIE_0_MainMenu
[2018.08.21-09.58.16:677][ 13]LogPlayLevel: PIE: StaticDuplicateObject took: (0.000621s)
[2018.08.21-09.58.16:677][ 13]LogAIModule: Creating AISystem for world MainMenu
[2018.08.21-09.58.16:678][ 13]LogPlayLevel: PIE: World Init took: (0.000548s)
[2018.08.21-09.58.16:678][ 13]LogPlayLevel: PIE: Created PIE world by copying editor world from /Game/Maps/MainMenu.MainMenu to /Game/Maps/UEDPIE_0_MainMenu.MainMenu (0.001265s)
[2018.08.21-09.58.16:707][ 13]LogInit: XAudio2 using 'Speakers (Realtek High Definition Audio)' : 6 channels at 48 kHz using 32 bits per sample (channel mask 0x3f)
[2018.08.21-09.58.16:792][ 13]LogInit: FAudioDevice initialized.
[2018.08.21-09.58.16:876][ 13]LogLoad: Game class is 'MainMenuGameMode_C'
[2018.08.21-09.58.16:877][ 13]LogWorld: Bringing World /Game/Maps/UEDPIE_0_MainMenu.MainMenu up for play (max tick rate 60) at 2018.08.21-17.58.16
[2018.08.21-09.58.16:877][ 13]LogWorld: Bringing up level for play took: 0.000350
[2018.08.21-09.58.16:877][ 13]LogGameMode: FindPlayerStart: PATHS NOT DEFINED or NO PLAYERSTART with positive rating
[2018.08.21-09.58.16:880][ 13]PIE: Play in editor start time for /Game/Maps/UEDPIE_0_MainMenu 0.671
[2018.08.21-09.58.16:944][ 13]LogRenderer: Reallocating scene render targets to support 1024x576 Format 10 NumSamples 1 (Frame:1).
[2018.08.21-09.58.18:305][ 55]LogNet: Browse: /Game/Maps/RichardLevel
[2018.08.21-09.58.18:337][ 55]LogLoad: LoadMap: /Game/Maps/RichardLevel
[2018.08.21-09.58.18:537][ 55]LogLinker: Warning: Can't find file '/Game/Maps/RichardLevel_BuiltData'
[2018.08.21-09.58.18:537][ 55]LogLinker: Warning: Can't find file for asset '/Game/Maps/RichardLevel_BuiltData' while loading ../../../../../Prototype in Unreal/Prototype3/Prototype3_running/Content/Maps/RichardLevel.umap.
[2018.08.21-09.58.18:538][ 55]LogLinker: Warning: Can't find file '/Game/Maps/RichardLevel_BuiltData'
[2018.08.21-09.58.18:538][ 55]LogLinker: Warning: Can't find file for asset '/Game/Maps/RichardLevel_BuiltData' while loading ../../../../../Prototype in Unreal/Prototype3/Prototype3_running/Content/Maps/RichardLevel.umap.
[2018.08.21-09.58.18:547][ 55]LogLinker: Warning: Can't find file '/Game/Maps/RichardLevel_BuiltData'
[2018.08.21-09.58.18:547][ 55]LogLinker: Warning: Can't find file for asset '/Game/Maps/RichardLevel_BuiltData' while loading NULL.
[2018.08.21-09.58.18:655][ 55]LogAIModule: Creating AISystem for world RichardLevel
[2018.08.21-09.58.18:655][ 55]LogLoad: Game class is 'RunGameMode_C'
[2018.08.21-09.58.18:657][ 55]LogWorld: Bringing World /Game/Maps/UEDPIE_0_RichardLevel.RichardLevel up for play (max tick rate 60) at 2018.08.21-17.58.18
[2018.08.21-09.58.18:658][ 55]LogWorld: Bringing up level for play took: 0.001342
[2018.08.21-09.58.18:670][ 55]LogLoad: Took 0.333104 seconds to LoadMap(/Game/Maps/RichardLevel)
[2018.08.21-09.58.18:684][ 56]LogCharacterMovement: Warning: GetSimulationTimeStep() - Max iterations 8 hit while remaining time 0.069426 > MaxSimulationTimeStep (0.050) for 'ThirdPersonCharacter_C_0', movement 'Walking'
[2018.08.21-09.58.24:765][238]LogSlate: Window 'ThirdPerson Game Preview Standalone (64-bit/PCD3D_SM5)' being destroyed
[2018.08.21-09.59.56:339][193]LogSavePackage: Save=42.29ms
[2018.08.21-09.59.56:339][193]LogSavePackage: Moving '../../../../../Prototype in Unreal/Prototype3/Prototype3_running/Saved/ThirdPersonCharacter039DDC0C4C83166A993545AFBEA43CA9.tmp' to '../../../../../Prototype in Unreal/Prototype3/Prototype3_running/Content/ThirdPersonBP/Blueprints/ThirdPersonCharacter.uasset'
[2018.08.21-09.59.56:343][193]LogSavePackage: Display: Finished SavePackage ../../../../../Prototype in Unreal/Prototype3/Prototype3_running/Content/ThirdPersonBP/Blueprints/ThirdPersonCharacter.uasset
[2018.08.21-09.59.56:838][222]LogTemp: Repeating last play command: Selected Viewport
[2018.08.21-09.59.56:859][222]BlueprintLog: New page: Pre-Play auto-recompile
[2018.08.21-09.59.56:870][222]LogPlayLevel: [PlayLevel] Compiling ThirdPersonCharacter before play...
[2018.08.21-09.59.56:879][222]LogUObjectGlobals: Destroyed PersistentFrame Addr=0x000001b3242791a0, Size=200
[2018.08.21-09.59.56:879][222]LogUObjectGlobals: Created PersistentFrame Addr=0x000001b3118841e0, Size=200, ThirdPersonCharacter_C_41 Function /Engine/Transient.REINST_ThirdPersonCharacter_C_49:ExecuteUbergraph_ThirdPersonCharacter
[2018.08.21-09.59.56:883][222]LogUObjectGlobals: Created PersistentFrame Addr=0x000001b381939840, Size=192, Default__ThirdPersonCharacter_C Function /Game/ThirdPersonBP/Blueprints/ThirdPersonCharacter.ThirdPersonCharacter_C:ExecuteUbergraph_ThirdPersonCharacter
[2018.08.21-09.59.57:271][222]LogPlayLevel: PlayLevel: Blueprint regeneration took 412 ms (1 blueprints)
[2018.08.21-09.59.57:271][222]PIE: New page: PIE session: MainMenu (22 Aug 2018 1:59:57 am)
[2018.08.21-09.59.57:272][222]LogPlayLevel: Creating play world package: /Game/Maps/UEDPIE_0_MainMenu
[2018.08.21-09.59.57:272][222]LogPlayLevel: PIE: StaticDuplicateObject took: (0.000523s)
[2018.08.21-09.59.57:273][222]LogAIModule: Creating AISystem for world MainMenu
[2018.08.21-09.59.57:273][222]LogPlayLevel: PIE: World Init took: (0.000656s)
[2018.08.21-09.59.57:273][222]LogPlayLevel: PIE: Created PIE world by copying editor world from /Game/Maps/MainMenu.MainMenu to /Game/Maps/UEDPIE_0_MainMenu.MainMenu (0.001289s)
[2018.08.21-09.59.57:301][222]LogInit: XAudio2 using 'Speakers (Realtek High Definition Audio)' : 6 channels at 48 kHz using 32 bits per sample (channel mask 0x3f)
[2018.08.21-09.59.57:381][222]LogInit: FAudioDevice initialized.
[2018.08.21-09.59.57:496][222]LogLoad: Game class is 'MainMenuGameMode_C'
[2018.08.21-09.59.57:497][222]LogWorld: Bringing World /Game/Maps/UEDPIE_0_MainMenu.MainMenu up for play (max tick rate 60) at 2018.08.21-17.59.57
[2018.08.21-09.59.57:497][222]LogWorld: Bringing up level for play took: 0.000454
[2018.08.21-09.59.57:498][222]LogGameMode: FindPlayerStart: PATHS NOT DEFINED or NO PLAYERSTART with positive rating
[2018.08.21-09.59.57:501][222]PIE: Play in editor start time for /Game/Maps/UEDPIE_0_MainMenu 1.291
[2018.08.21-09.59.58:975][262]LogNet: Browse: /Game/Maps/RichardLevel
[2018.08.21-09.59.59:006][262]LogLoad: LoadMap: /Game/Maps/RichardLevel
[2018.08.21-09.59.59:202][262]LogLinker: Warning: Can't find file '/Game/Maps/RichardLevel_BuiltData'
[2018.08.21-09.59.59:203][262]LogLinker: Warning: Can't find file for asset '/Game/Maps/RichardLevel_BuiltData' while loading ../../../../../Prototype in Unreal/Prototype3/Prototype3_running/Content/Maps/RichardLevel.umap.
[2018.08.21-09.59.59:203][262]LogLinker: Warning: Can't find file '/Game/Maps/RichardLevel_BuiltData'
[2018.08.21-09.59.59:204][262]LogLinker: Warning: Can't find file for asset '/Game/Maps/RichardLevel_BuiltData' while loading ../../../../../Prototype in Unreal/Prototype3/Prototype3_running/Content/Maps/RichardLevel.umap.
[2018.08.21-09.59.59:211][262]LogLinker: Warning: Can't find file '/Game/Maps/RichardLevel_BuiltData'
[2018.08.21-09.59.59:211][262]LogLinker: Warning: Can't find file for asset '/Game/Maps/RichardLevel_BuiltData' while loading NULL.
[2018.08.21-09.59.59:301][262]LogAIModule: Creating AISystem for world RichardLevel
[2018.08.21-09.59.59:302][262]LogLoad: Game class is 'RunGameMode_C'
[2018.08.21-09.59.59:303][262]LogWorld: Bringing World /Game/Maps/UEDPIE_0_RichardLevel.RichardLevel up for play (max tick rate 60) at 2018.08.21-17.59.59
[2018.08.21-09.59.59:304][262]LogWorld: Bringing up level for play took: 0.001397
[2018.08.21-09.59.59:312][262]LogLoad: Took 0.305908 seconds to LoadMap(/Game/Maps/RichardLevel)
[2018.08.21-10.00.02:278][349]LogSlate: Window 'ThirdPerson Game Preview Standalone (64-bit/PCD3D_SM5)' being destroyed
[2018.08.21-10.00.09:984][678]LogTemp: Repeating last play command: Selected Viewport
[2018.08.21-10.00.10:005][678]BlueprintLog: New page: Pre-Play auto-recompile
[2018.08.21-10.00.10:019][678]LogPlayLevel: [PlayLevel] Compiling ThirdPersonCharacter before play...
[2018.08.21-10.00.10:028][678]LogUObjectGlobals: Destroyed PersistentFrame Addr=0x000001b381939840, Size=192
[2018.08.21-10.00.10:028][678]LogUObjectGlobals: Created PersistentFrame Addr=0x000001b3872de980, Size=192, ThirdPersonCharacter_C_71 Function /Engine/Transient.REINST_ThirdPersonCharacter_C_54:ExecuteUbergraph_ThirdPersonCharacter
[2018.08.21-10.00.10:033][678]LogUObjectGlobals: Created PersistentFrame Addr=0x000001b332cef2e0, Size=200, Default__ThirdPersonCharacter_C Function /Game/ThirdPersonBP/Blueprints/ThirdPersonCharacter.ThirdPersonCharacter_C:ExecuteUbergraph_ThirdPersonCharacter
[2018.08.21-10.00.10:519][678]LogPlayLevel: PlayLevel: Blueprint regeneration took 514 ms (1 blueprints)
[2018.08.21-10.00.10:519][678]PIE: New page: PIE session: MainMenu (22 Aug 2018 2:00:10 am)
[2018.08.21-10.00.10:519][678]LogPlayLevel: Creating play world package: /Game/Maps/UEDPIE_0_MainMenu
[2018.08.21-10.00.10:520][678]LogPlayLevel: PIE: StaticDuplicateObject took: (0.000733s)
[2018.08.21-10.00.10:520][678]LogAIModule: Creating AISystem for world MainMenu
[2018.08.21-10.00.10:520][678]LogPlayLevel: PIE: World Init took: (0.000549s)
[2018.08.21-10.00.10:520][678]LogPlayLevel: PIE: Created PIE world by copying editor world from /Game/Maps/MainMenu.MainMenu to /Game/Maps/UEDPIE_0_MainMenu.MainMenu (0.001402s)
[2018.08.21-10.00.10:549][678]LogInit: XAudio2 using 'Speakers (Realtek High Definition Audio)' : 6 channels at 48 kHz using 32 bits per sample (channel mask 0x3f)
[2018.08.21-10.00.10:634][678]LogInit: FAudioDevice initialized.
[2018.08.21-10.00.10:752][678]LogLoad: Game class is 'MainMenuGameMode_C'
[2018.08.21-10.00.10:753][678]LogWorld: Bringing World /Game/Maps/UEDPIE_0_MainMenu.MainMenu up for play (max tick rate 60) at 2018.08.21-18.00.10
[2018.08.21-10.00.10:753][678]LogWorld: Bringing up level for play took: 0.000614
[2018.08.21-10.00.10:754][678]LogGameMode: FindPlayerStart: PATHS NOT DEFINED or NO PLAYERSTART with positive rating
[2018.08.21-10.00.10:757][678]PIE: Play in editor start time for /Game/Maps/UEDPIE_0_MainMenu 0.547
[2018.08.21-10.00.11:929][710]LogNet: Browse: /Game/Maps/RichardLevel
[2018.08.21-10.00.11:960][710]LogLoad: LoadMap: /Game/Maps/RichardLevel
[2018.08.21-10.00.12:158][710]LogLinker: Warning: Can't find file '/Game/Maps/RichardLevel_BuiltData'
[2018.08.21-10.00.12:158][710]LogLinker: Warning: Can't find file for asset '/Game/Maps/RichardLevel_BuiltData' while loading ../../../../../Prototype in Unreal/Prototype3/Prototype3_running/Content/Maps/RichardLevel.umap.
[2018.08.21-10.00.12:159][710]LogLinker: Warning: Can't find file '/Game/Maps/RichardLevel_BuiltData'
[2018.08.21-10.00.12:159][710]LogLinker: Warning: Can't find file for asset '/Game/Maps/RichardLevel_BuiltData' while loading ../../../../../Prototype in Unreal/Prototype3/Prototype3_running/Content/Maps/RichardLevel.umap.
[2018.08.21-10.00.12:165][710]LogLinker: Warning: Can't find file '/Game/Maps/RichardLevel_BuiltData'
[2018.08.21-10.00.12:165][710]LogLinker: Warning: Can't find file for asset '/Game/Maps/RichardLevel_BuiltData' while loading NULL.
[2018.08.21-10.00.12:260][710]LogAIModule: Creating AISystem for world RichardLevel
[2018.08.21-10.00.12:260][710]LogLoad: Game class is 'RunGameMode_C'
[2018.08.21-10.00.12:262][710]LogWorld: Bringing World /Game/Maps/UEDPIE_0_RichardLevel.RichardLevel up for play (max tick rate 60) at 2018.08.21-18.00.12
[2018.08.21-10.00.12:262][710]LogWorld: Bringing up level for play took: 0.001126
[2018.08.21-10.00.12:270][710]LogLoad: Took 0.311230 seconds to LoadMap(/Game/Maps/RichardLevel)
[2018.08.21-10.00.14:666][781]LogSlate: Window 'ThirdPerson Game Preview Standalone (64-bit/PCD3D_SM5)' being destroyed
[2018.08.21-10.00.22:521][121]LogTemp: Repeating last play command: Selected Viewport
[2018.08.21-10.00.22:540][121]BlueprintLog: New page: Pre-Play auto-recompile
[2018.08.21-10.00.22:553][121]LogPlayLevel: [PlayLevel] Compiling ThirdPersonCharacter before play...
[2018.08.21-10.00.22:562][121]LogUObjectGlobals: Destroyed PersistentFrame Addr=0x000001b332cef2e0, Size=200
[2018.08.21-10.00.22:562][121]LogUObjectGlobals: Created PersistentFrame Addr=0x000001b384873f20, Size=200, ThirdPersonCharacter_C_109 Function /Engine/Transient.REINST_ThirdPersonCharacter_C_59:ExecuteUbergraph_ThirdPersonCharacter
[2018.08.21-10.00.22:566][121]LogUObjectGlobals: Created PersistentFrame Addr=0x000001b384872940, Size=200, Default__ThirdPersonCharacter_C Function /Game/ThirdPersonBP/Blueprints/ThirdPersonCharacter.ThirdPersonCharacter_C:ExecuteUbergraph_ThirdPersonCharacter
[2018.08.21-10.00.23:129][121]LogPlayLevel: PlayLevel: Blueprint regeneration took 588 ms (1 blueprints)
[2018.08.21-10.00.23:129][121]PIE: New page: PIE session: MainMenu (22 Aug 2018 2:00:23 am)
[2018.08.21-10.00.23:129][121]LogPlayLevel: Creating play world package: /Game/Maps/UEDPIE_0_MainMenu
[2018.08.21-10.00.23:130][121]LogPlayLevel: PIE: StaticDuplicateObject took: (0.000575s)
[2018.08.21-10.00.23:130][121]LogAIModule: Creating AISystem for world MainMenu
[2018.08.21-10.00.23:131][121]LogPlayLevel: PIE: World Init took: (0.000614s)
[2018.08.21-10.00.23:131][121]LogPlayLevel: PIE: Created PIE world by copying editor world from /Game/Maps/MainMenu.MainMenu to /Game/Maps/UEDPIE_0_MainMenu.MainMenu (0.001307s)
[2018.08.21-10.00.23:163][121]LogInit: XAudio2 using 'Speakers (Realtek High Definition Audio)' : 6 channels at 48 kHz using 32 bits per sample (channel mask 0x3f)
[2018.08.21-10.00.23:250][121]LogInit: FAudioDevice initialized.
[2018.08.21-10.00.23:396][121]LogLoad: Game class is 'MainMenuGameMode_C'
[2018.08.21-10.00.23:397][121]LogWorld: Bringing World /Game/Maps/UEDPIE_0_MainMenu.MainMenu up for play (max tick rate 60) at 2018.08.21-18.00.23
[2018.08.21-10.00.23:397][121]LogWorld: Bringing up level for play took: 0.000507
[2018.08.21-10.00.23:398][121]LogGameMode: FindPlayerStart: PATHS NOT DEFINED or NO PLAYERSTART with positive rating
[2018.08.21-10.00.23:401][121]PIE: Play in editor start time for /Game/Maps/UEDPIE_0_MainMenu 1.191
[2018.08.21-10.00.24:646][155]LogNet: Browse: /Game/Maps/RichardLevel
[2018.08.21-10.00.24:678][155]LogLoad: LoadMap: /Game/Maps/RichardLevel
[2018.08.21-10.00.24:917][155]LogLinker: Warning: Can't find file '/Game/Maps/RichardLevel_BuiltData'
[2018.08.21-10.00.24:917][155]LogLinker: Warning: Can't find file for asset '/Game/Maps/RichardLevel_BuiltData' while loading ../../../../../Prototype in Unreal/Prototype3/Prototype3_running/Content/Maps/RichardLevel.umap.
[2018.08.21-10.00.24:918][155]LogLinker: Warning: Can't find file '/Game/Maps/RichardLevel_BuiltData'
[2018.08.21-10.00.24:918][155]LogLinker: Warning: Can't find file for asset '/Game/Maps/RichardLevel_BuiltData' while loading ../../../../../Prototype in Unreal/Prototype3/Prototype3_running/Content/Maps/RichardLevel.umap.
[2018.08.21-10.00.24:924][155]LogLinker: Warning: Can't find file '/Game/Maps/RichardLevel_BuiltData'
[2018.08.21-10.00.24:925][155]LogLinker: Warning: Can't find file for asset '/Game/Maps/RichardLevel_BuiltData' while loading NULL.
[2018.08.21-10.00.25:013][155]LogAIModule: Creating AISystem for world RichardLevel
[2018.08.21-10.00.25:013][155]LogLoad: Game class is 'RunGameMode_C'
[2018.08.21-10.00.25:015][155]LogWorld: Bringing World /Game/Maps/UEDPIE_0_RichardLevel.RichardLevel up for play (max tick rate 60) at 2018.08.21-18.00.25
[2018.08.21-10.00.25:016][155]LogWorld: Bringing up level for play took: 0.001676
[2018.08.21-10.00.25:025][155]LogLoad: Took 0.347659 seconds to LoadMap(/Game/Maps/RichardLevel)
[2018.08.21-10.00.25:038][156]LogCharacterMovement: Warning: GetSimulationTimeStep() - Max iterations 8 hit while remaining time 0.082776 > MaxSimulationTimeStep (0.050) for 'ThirdPersonCharacter_C_0', movement 'Walking'
[2018.08.21-10.00.28:547][260]LogSlate: Window 'ThirdPerson Game Preview Standalone (64-bit/PCD3D_SM5)' being destroyed
[2018.08.21-10.00.30:822][338]LogTemp: Repeating last play command: Selected Viewport
[2018.08.21-10.00.30:841][338]LogPlayLevel: PlayLevel: No blueprints needed recompiling
[2018.08.21-10.00.30:842][338]PIE: New page: PIE session: MainMenu (22 Aug 2018 2:00:30 am)
[2018.08.21-10.00.30:842][338]LogPlayLevel: Creating play world package: /Game/Maps/UEDPIE_0_MainMenu
[2018.08.21-10.00.30:842][338]LogPlayLevel: PIE: StaticDuplicateObject took: (0.000540s)
[2018.08.21-10.00.30:843][338]LogAIModule: Creating AISystem for world MainMenu
[2018.08.21-10.00.30:843][338]LogPlayLevel: PIE: World Init took: (0.000542s)
[2018.08.21-10.00.30:843][338]LogPlayLevel: PIE: Created PIE world by copying editor world from /Game/Maps/MainMenu.MainMenu to /Game/Maps/UEDPIE_0_MainMenu.MainMenu (0.001184s)
[2018.08.21-10.00.30:874][338]LogInit: XAudio2 using 'Speakers (Realtek High Definition Audio)' : 6 channels at 48 kHz using 32 bits per sample (channel mask 0x3f)
[2018.08.21-10.00.30:964][338]LogInit: FAudioDevice initialized.
[2018.08.21-10.00.30:997][338]LogLoad: Game class is 'MainMenuGameMode_C'
[2018.08.21-10.00.30:998][338]LogWorld: Bringing World /Game/Maps/UEDPIE_0_MainMenu.MainMenu up for play (max tick rate 60) at 2018.08.21-18.00.30
[2018.08.21-10.00.30:998][338]LogWorld: Bringing up level for play took: 0.000403
[2018.08.21-10.00.31:000][338]PIE: Play in editor start time for /Game/Maps/UEDPIE_0_MainMenu 0.791
[2018.08.21-10.00.31:880][387]LogNet: Browse: /Game/Maps/RichardLevel
[2018.08.21-10.00.31:880][387]LogLoad: LoadMap: /Game/Maps/RichardLevel
[2018.08.21-10.00.32:068][387]LogLinker: Warning: Can't find file '/Game/Maps/RichardLevel_BuiltData'
[2018.08.21-10.00.32:068][387]LogLinker: Warning: Can't find file for asset '/Game/Maps/RichardLevel_BuiltData' while loading ../../../../../Prototype in Unreal/Prototype3/Prototype3_running/Content/Maps/RichardLevel.umap.
[2018.08.21-10.00.32:069][387]LogLinker: Warning: Can't find file '/Game/Maps/RichardLevel_BuiltData'
[2018.08.21-10.00.32:069][387]LogLinker: Warning: Can't find file for asset '/Game/Maps/RichardLevel_BuiltData' while loading ../../../../../Prototype in Unreal/Prototype3/Prototype3_running/Content/Maps/RichardLevel.umap.
[2018.08.21-10.00.32:075][387]LogLinker: Warning: Can't find file '/Game/Maps/RichardLevel_BuiltData'
[2018.08.21-10.00.32:075][387]LogLinker: Warning: Can't find file for asset '/Game/Maps/RichardLevel_BuiltData' while loading NULL.
[2018.08.21-10.00.32:149][387]LogAIModule: Creating AISystem for world RichardLevel
[2018.08.21-10.00.32:149][387]LogLoad: Game class is 'RunGameMode_C'
[2018.08.21-10.00.32:152][387]LogWorld: Bringing World /Game/Maps/UEDPIE_0_RichardLevel.RichardLevel up for play (max tick rate 60) at 2018.08.21-18.00.32
[2018.08.21-10.00.32:152][387]LogWorld: Bringing up level for play took: 0.001643
[2018.08.21-10.00.32:163][387]LogLoad: Took 0.283292 seconds to LoadMap(/Game/Maps/RichardLevel)
[2018.08.21-10.02.55:035][895]LogSlate: FSceneViewport::OnFocusLost() reason 0
[2018.08.21-10.03.07:618][317]LogTemp: Repeating last play command: Selected Viewport
[2018.08.21-10.03.07:636][317]BlueprintLog: New page: Pre-Play auto-recompile
[2018.08.21-10.03.07:649][317]LogPlayLevel: [PlayLevel] Compiling ThirdPersonCharacter before play...
[2018.08.21-10.03.07:658][317]LogUObjectGlobals: Destroyed PersistentFrame Addr=0x000001b384872940, Size=200
[2018.08.21-10.03.07:658][317]LogUObjectGlobals: Created PersistentFrame Addr=0x000001b388ffe5c0, Size=200, ThirdPersonCharacter_C_211 Function /Engine/Transient.REINST_ThirdPersonCharacter_C_64:ExecuteUbergraph_ThirdPersonCharacter
[2018.08.21-10.03.07:662][317]LogUObjectGlobals: Created PersistentFrame Addr=0x000001b321e3e4e0, Size=200, Default__ThirdPersonCharacter_C Function /Game/ThirdPersonBP/Blueprints/ThirdPersonCharacter.ThirdPersonCharacter_C:ExecuteUbergraph_ThirdPersonCharacter
[2018.08.21-10.03.08:320][317]LogPlayLevel: PlayLevel: Blueprint regeneration took 683 ms (1 blueprints)
[2018.08.21-10.03.08:320][317]PIE: New page: PIE session: MainMenu (22 Aug 2018 2:03:08 am)
[2018.08.21-10.03.08:320][317]LogPlayLevel: Creating play world package: /Game/Maps/UEDPIE_0_MainMenu
[2018.08.21-10.03.08:321][317]LogPlayLevel: PIE: StaticDuplicateObject took: (0.000660s)
[2018.08.21-10.03.08:322][317]LogAIModule: Creating AISystem for world MainMenu
[2018.08.21-10.03.08:322][317]LogPlayLevel: PIE: World Init took: (0.000648s)
[2018.08.21-10.03.08:322][317]LogPlayLevel: PIE: Created PIE world by copying editor world from /Game/Maps/MainMenu.MainMenu to /Game/Maps/UEDPIE_0_MainMenu.MainMenu (0.001444s)
[2018.08.21-10.03.08:353][317]LogInit: XAudio2 using 'Speakers (Realtek High Definition Audio)' : 6 channels at 48 kHz using 32 bits per sample (channel mask 0x3f)
[2018.08.21-10.03.08:435][317]LogInit: FAudioDevice initialized.
[2018.08.21-10.03.08:557][317]LogLoad: Game class is 'MainMenuGameMode_C'
[2018.08.21-10.03.08:558][317]LogWorld: Bringing World /Game/Maps/UEDPIE_0_MainMenu.MainMenu up for play (max tick rate 60) at 2018.08.21-18.03.08
[2018.08.21-10.03.08:559][317]LogWorld: Bringing up level for play took: 0.000576
[2018.08.21-10.03.08:559][317]LogGameMode: FindPlayerStart: PATHS NOT DEFINED or NO PLAYERSTART with positive rating
[2018.08.21-10.03.08:564][317]PIE: Play in editor start time for /Game/Maps/UEDPIE_0_MainMenu 0.353
[2018.08.21-10.03.09:615][345]LogNet: Browse: /Game/Maps/RichardLevel
[2018.08.21-10.03.09:646][345]LogLoad: LoadMap: /Game/Maps/RichardLevel
[2018.08.21-10.03.09:844][345]LogLinker: Warning: Can't find file '/Game/Maps/RichardLevel_BuiltData'
[2018.08.21-10.03.09:844][345]LogLinker: Warning: Can't find file for asset '/Game/Maps/RichardLevel_BuiltData' while loading ../../../../../Prototype in Unreal/Prototype3/Prototype3_running/Content/Maps/RichardLevel.umap.
[2018.08.21-10.03.09:845][345]LogLinker: Warning: Can't find file '/Game/Maps/RichardLevel_BuiltData'
[2018.08.21-10.03.09:846][345]LogLinker: Warning: Can't find file for asset '/Game/Maps/RichardLevel_BuiltData' while loading ../../../../../Prototype in Unreal/Prototype3/Prototype3_running/Content/Maps/RichardLevel.umap.
[2018.08.21-10.03.09:850][345]LogLinker: Warning: Can't find file '/Game/Maps/RichardLevel_BuiltData'
[2018.08.21-10.03.09:850][345]LogLinker: Warning: Can't find file for asset '/Game/Maps/RichardLevel_BuiltData' while loading NULL.
[2018.08.21-10.03.09:950][345]LogAIModule: Creating AISystem for world RichardLevel
[2018.08.21-10.03.09:951][345]LogLoad: Game class is 'RunGameMode_C'
[2018.08.21-10.03.09:952][345]LogWorld: Bringing World /Game/Maps/UEDPIE_0_RichardLevel.RichardLevel up for play (max tick rate 60) at 2018.08.21-18.03.09
[2018.08.21-10.03.09:952][345]LogWorld: Bringing up level for play took: 0.001262
[2018.08.21-10.03.09:959][345]LogLoad: Took 0.313286 seconds to LoadMap(/Game/Maps/RichardLevel)
[2018.08.21-10.03.16:527][540]LogSlate: Window 'ThirdPerson Game Preview Standalone (64-bit/PCD3D_SM5)' being destroyed
